<?xml version="1.0" encoding="UTF-8"?>
<coverage generated="1766372127314" clover="3.2.0">
  <project timestamp="1766372127314" name="All files">
    <metrics statements="434" coveredstatements="408" conditionals="134" coveredconditionals="103" methods="56" coveredmethods="53" elements="624" coveredelements="564" complexity="0" loc="434" ncloc="434" packages="3" files="10" classes="10"/>
    <package name="content">
      <metrics statements="317" coveredstatements="296" conditionals="98" coveredconditionals="78" methods="42" coveredmethods="40"/>
      <file name="content.ts" path="/Users/sp/Development/github/browser-selection-copy/src/content/content.ts">
        <metrics statements="135" coveredstatements="115" conditionals="64" coveredconditionals="50" methods="16" coveredmethods="14"/>
        <line num="1" count="4" type="stmt"/>
        <line num="2" count="4" type="stmt"/>
        <line num="3" count="4" type="stmt"/>
        <line num="5" count="4" type="stmt"/>
        <line num="13" count="4" type="stmt"/>
        <line num="16" count="4" type="stmt"/>
        <line num="24" count="48" type="stmt"/>
        <line num="25" count="48" type="stmt"/>
        <line num="26" count="48" type="stmt"/>
        <line num="30" count="48" type="stmt"/>
        <line num="31" count="48" type="stmt"/>
        <line num="32" count="48" type="stmt"/>
        <line num="33" count="48" type="stmt"/>
        <line num="34" count="48" type="stmt"/>
        <line num="35" count="48" type="stmt"/>
        <line num="36" count="48" type="stmt"/>
        <line num="40" count="48" type="stmt"/>
        <line num="41" count="48" type="stmt"/>
        <line num="42" count="48" type="stmt"/>
        <line num="43" count="48" type="stmt"/>
        <line num="50" count="48" type="stmt"/>
        <line num="51" count="48" type="stmt"/>
        <line num="52" count="48" type="stmt"/>
        <line num="53" count="48" type="stmt"/>
        <line num="54" count="48" type="stmt"/>
        <line num="56" count="48" type="cond" truecount="3" falsecount="0"/>
        <line num="57" count="48" type="stmt"/>
        <line num="58" count="0" type="stmt"/>
        <line num="59" count="0" type="cond" truecount="0" falsecount="3"/>
        <line num="60" count="0" type="stmt"/>
        <line num="61" count="0" type="stmt"/>
        <line num="64" count="48" type="stmt"/>
        <line num="72" count="437" type="cond" truecount="1" falsecount="0"/>
        <line num="75" count="436" type="cond" truecount="0" falsecount="1"/>
        <line num="76" count="0" type="stmt"/>
        <line num="80" count="436" type="cond" truecount="1" falsecount="0"/>
        <line num="81" count="1" type="stmt"/>
        <line num="85" count="435" type="stmt"/>
        <line num="86" count="435" type="cond" truecount="0" falsecount="1"/>
        <line num="87" count="0" type="stmt"/>
        <line num="90" count="435" type="stmt"/>
        <line num="91" count="435" type="stmt"/>
        <line num="92" count="435" type="stmt"/>
        <line num="99" count="2" type="cond" truecount="0" falsecount="1"/>
        <line num="100" count="2" type="cond" truecount="1" falsecount="0"/>
        <line num="101" count="1" type="stmt"/>
        <line num="102" count="1" type="stmt"/>
        <line num="103" count="1" type="stmt"/>
        <line num="110" count="433" type="cond" truecount="0" falsecount="1"/>
        <line num="112" count="433" type="cond" truecount="1" falsecount="0"/>
        <line num="113" count="1" type="stmt"/>
        <line num="116" count="432" type="stmt"/>
        <line num="117" count="432" type="stmt"/>
        <line num="119" count="432" type="cond" truecount="3" falsecount="0"/>
        <line num="121" count="432" type="stmt"/>
        <line num="122" count="432" type="cond" truecount="1" falsecount="0"/>
        <line num="123" count="4" type="stmt"/>
        <line num="124" count="4" type="stmt"/>
        <line num="128" count="428" type="stmt"/>
        <line num="130" count="428" type="cond" truecount="2" falsecount="0"/>
        <line num="131" count="326" type="stmt"/>
        <line num="132" count="326" type="stmt"/>
        <line num="134" count="326" type="stmt"/>
        <line num="136" count="102" type="stmt"/>
        <line num="137" count="102" type="stmt"/>
        <line num="141" count="428" type="stmt"/>
        <line num="142" count="428" type="stmt"/>
        <line num="149" count="7" type="cond" truecount="3" falsecount="0"/>
        <line num="150" count="7" type="stmt"/>
        <line num="151" count="7" type="stmt"/>
        <line num="152" count="7" type="stmt"/>
        <line num="153" count="7" type="cond" truecount="4" falsecount="0"/>
        <line num="154" count="7" type="cond" truecount="1" falsecount="0"/>
        <line num="156" count="6" type="stmt"/>
        <line num="157" count="6" type="stmt"/>
        <line num="161" count="1" type="stmt"/>
        <line num="171" count="1" type="cond" truecount="4" falsecount="0"/>
        <line num="172" count="1" type="cond" truecount="0" falsecount="1"/>
        <line num="179" count="0" type="stmt"/>
        <line num="181" count="1" type="stmt"/>
        <line num="182" count="1" type="stmt"/>
        <line num="190" count="1" type="stmt"/>
        <line num="191" count="1" type="stmt"/>
        <line num="192" count="1" type="cond" truecount="0" falsecount="1"/>
        <line num="193" count="0" type="stmt"/>
        <line num="194" count="0" type="stmt"/>
        <line num="202" count="48" type="stmt"/>
        <line num="203" count="48" type="cond" truecount="2" falsecount="1"/>
        <line num="204" count="0" type="stmt"/>
        <line num="205" count="0" type="stmt"/>
        <line num="208" count="48" type="stmt"/>
        <line num="209" count="48" type="stmt"/>
        <line num="210" count="48" type="stmt"/>
        <line num="217" count="0" type="stmt"/>
        <line num="218" count="0" type="stmt"/>
        <line num="226" count="39" type="stmt"/>
        <line num="227" count="39" type="stmt"/>
        <line num="228" count="39" type="stmt"/>
        <line num="231" count="39" type="cond" truecount="2" falsecount="1"/>
        <line num="232" count="0" type="stmt"/>
        <line num="233" count="0" type="stmt"/>
        <line num="236" count="39" type="cond" truecount="4" falsecount="0"/>
        <line num="237" count="1" type="stmt"/>
        <line num="238" count="1" type="stmt"/>
        <line num="243" count="0" type="stmt"/>
        <line num="252" count="326" type="stmt"/>
        <line num="253" count="326" type="cond" truecount="1" falsecount="0"/>
        <line num="254" count="1" type="stmt"/>
        <line num="255" count="0" type="stmt"/>
        <line num="257" count="1" type="stmt"/>
        <line num="260" count="325" type="stmt"/>
        <line num="261" count="325" type="stmt"/>
        <line num="263" count="325" type="stmt"/>
        <line num="270" count="325" type="stmt"/>
        <line num="271" count="325" type="stmt"/>
        <line num="272" count="325" type="stmt"/>
        <line num="273" count="325" type="stmt"/>
        <line num="275" count="325" type="cond" truecount="1" falsecount="0"/>
        <line num="276" count="325" type="stmt"/>
        <line num="282" count="0" type="cond" truecount="0" falsecount="2"/>
        <line num="283" count="0" type="stmt"/>
        <line num="298" count="47" type="stmt"/>
        <line num="299" count="47" type="stmt"/>
        <line num="300" count="47" type="stmt"/>
        <line num="301" count="47" type="stmt"/>
        <line num="302" count="47" type="stmt"/>
        <line num="303" count="47" type="stmt"/>
        <line num="304" count="47" type="stmt"/>
        <line num="305" count="47" type="cond" truecount="3" falsecount="1"/>
        <line num="306" count="0" type="stmt"/>
        <line num="308" count="47" type="stmt"/>
        <line num="320" count="4" type="cond" truecount="1" falsecount="0"/>
        <line num="321" count="4" type="stmt"/>
        <line num="322" count="4" type="stmt"/>
        <line num="325" count="4" type="stmt"/>
      </file>
      <file name="panel.ts" path="/Users/sp/Development/github/browser-selection-copy/src/content/panel.ts">
        <metrics statements="148" coveredstatements="148" conditionals="29" coveredconditionals="25" methods="19" coveredmethods="19"/>
        <line num="5" count="5" type="stmt"/>
        <line num="6" count="68" type="stmt"/>
        <line num="7" count="68" type="stmt"/>
        <line num="8" count="68" type="stmt"/>
        <line num="11" count="68" type="stmt"/>
        <line num="23" count="334" type="stmt"/>
        <line num="24" count="334" type="cond" truecount="2" falsecount="0"/>
        <line num="31" count="13" type="stmt"/>
        <line num="48" count="527" type="cond" truecount="1" falsecount="0"/>
        <line num="49" count="347" type="stmt"/>
        <line num="50" count="347" type="stmt"/>
        <line num="52" count="527" type="stmt"/>
        <line num="53" count="527" type="stmt"/>
        <line num="54" count="527" type="stmt"/>
        <line num="61" count="441" type="cond" truecount="2" falsecount="0"/>
        <line num="78" count="347" type="stmt"/>
        <line num="81" count="347" type="stmt"/>
        <line num="82" count="347" type="stmt"/>
        <line num="83" count="347" type="stmt"/>
        <line num="84" count="347" type="stmt"/>
        <line num="87" count="347" type="stmt"/>
        <line num="88" count="347" type="stmt"/>
        <line num="91" count="347" type="stmt"/>
        <line num="92" count="347" type="stmt"/>
        <line num="95" count="347" type="stmt"/>
        <line num="96" count="347" type="stmt"/>
        <line num="97" count="347" type="cond" truecount="2" falsecount="0"/>
        <line num="100" count="347" type="stmt"/>
        <line num="101" count="347" type="cond" truecount="2" falsecount="0"/>
        <line num="103" count="347" type="stmt"/>
        <line num="104" count="347" type="stmt"/>
        <line num="107" count="347" type="stmt"/>
        <line num="108" count="347" type="stmt"/>
        <line num="109" count="347" type="stmt"/>
        <line num="110" count="347" type="stmt"/>
        <line num="111" count="347" type="stmt"/>
        <line num="113" count="347" type="stmt"/>
        <line num="114" count="347" type="stmt"/>
        <line num="117" count="347" type="cond" truecount="2" falsecount="0"/>
        <line num="119" count="13" type="stmt"/>
        <line num="120" count="13" type="stmt"/>
        <line num="122" count="13" type="stmt"/>
        <line num="123" count="13" type="stmt"/>
        <line num="124" count="13" type="cond" truecount="1" falsecount="1"/>
        <line num="126" count="13" type="stmt"/>
        <line num="127" count="13" type="stmt"/>
        <line num="128" count="13" type="stmt"/>
        <line num="130" count="13" type="stmt"/>
        <line num="131" count="13" type="stmt"/>
        <line num="132" count="13" type="stmt"/>
        <line num="134" count="13" type="stmt"/>
        <line num="135" count="13" type="stmt"/>
        <line num="136" count="13" type="stmt"/>
        <line num="138" count="13" type="stmt"/>
        <line num="139" count="13" type="stmt"/>
        <line num="142" count="13" type="cond" truecount="1" falsecount="0"/>
        <line num="143" count="13" type="stmt"/>
        <line num="144" count="13" type="stmt"/>
        <line num="146" count="13" type="stmt"/>
        <line num="147" count="13" type="stmt"/>
        <line num="148" count="13" type="stmt"/>
        <line num="149" count="13" type="stmt"/>
        <line num="151" count="1" type="stmt"/>
        <line num="154" count="13" type="stmt"/>
        <line num="155" count="13" type="stmt"/>
        <line num="159" count="334" type="stmt"/>
        <line num="160" count="334" type="stmt"/>
        <line num="162" count="334" type="stmt"/>
        <line num="163" count="334" type="stmt"/>
        <line num="164" count="334" type="stmt"/>
        <line num="165" count="334" type="stmt"/>
        <line num="166" count="334" type="stmt"/>
        <line num="167" count="2" type="stmt"/>
        <line num="168" count="2" type="stmt"/>
        <line num="171" count="334" type="stmt"/>
        <line num="174" count="334" type="stmt"/>
        <line num="175" count="334" type="stmt"/>
        <line num="178" count="334" type="stmt"/>
        <line num="179" count="334" type="stmt"/>
        <line num="180" count="334" type="stmt"/>
        <line num="182" count="334" type="stmt"/>
        <line num="183" count="334" type="stmt"/>
        <line num="185" count="334" type="stmt"/>
        <line num="186" count="334" type="stmt"/>
        <line num="187" count="334" type="stmt"/>
        <line num="189" count="334" type="stmt"/>
        <line num="190" count="334" type="stmt"/>
        <line num="192" count="334" type="stmt"/>
        <line num="193" count="334" type="stmt"/>
        <line num="194" count="334" type="stmt"/>
        <line num="196" count="334" type="stmt"/>
        <line num="197" count="7" type="stmt"/>
        <line num="199" count="7" type="stmt"/>
        <line num="202" count="334" type="stmt"/>
        <line num="205" count="334" type="stmt"/>
        <line num="206" count="334" type="stmt"/>
        <line num="207" count="334" type="stmt"/>
        <line num="210" count="347" type="stmt"/>
        <line num="213" count="347" type="stmt"/>
        <line num="214" count="347" type="stmt"/>
        <line num="215" count="347" type="stmt"/>
        <line num="222" count="7" type="stmt"/>
        <line num="223" count="7" type="stmt"/>
        <line num="224" count="6" type="stmt"/>
        <line num="226" count="1" type="stmt"/>
        <line num="227" count="1" type="stmt"/>
        <line num="235" count="6" type="stmt"/>
        <line num="236" count="6" type="cond" truecount="1" falsecount="0"/>
        <line num="237" count="6" type="stmt"/>
        <line num="238" count="6" type="stmt"/>
        <line num="239" count="6" type="stmt"/>
        <line num="241" count="6" type="cond" truecount="3" falsecount="0"/>
        <line num="242" count="6" type="stmt"/>
        <line num="243" count="6" type="stmt"/>
        <line num="246" count="6" type="stmt"/>
        <line num="248" count="6" type="stmt"/>
        <line num="249" count="4" type="cond" truecount="1" falsecount="0"/>
        <line num="250" count="4" type="stmt"/>
        <line num="251" count="4" type="stmt"/>
        <line num="261" count="1" type="stmt"/>
        <line num="262" count="1" type="cond" truecount="1" falsecount="0"/>
        <line num="263" count="1" type="stmt"/>
        <line num="264" count="1" type="stmt"/>
        <line num="265" count="1" type="stmt"/>
        <line num="267" count="1" type="cond" truecount="3" falsecount="0"/>
        <line num="268" count="1" type="stmt"/>
        <line num="269" count="1" type="stmt"/>
        <line num="272" count="1" type="stmt"/>
        <line num="274" count="1" type="stmt"/>
        <line num="275" count="1" type="cond" truecount="1" falsecount="0"/>
        <line num="276" count="1" type="stmt"/>
        <line num="277" count="1" type="stmt"/>
        <line num="287" count="1" type="cond" truecount="0" falsecount="1"/>
        <line num="288" count="1" type="stmt"/>
        <line num="289" count="1" type="stmt"/>
        <line num="295" count="1" type="stmt"/>
        <line num="301" count="68" type="stmt"/>
        <line num="302" count="1" type="cond" truecount="2" falsecount="1"/>
        <line num="303" count="1" type="stmt"/>
        <line num="304" count="1" type="stmt"/>
        <line num="306" count="1" type="stmt"/>
        <line num="307" count="1" type="stmt"/>
        <line num="309" count="1" type="stmt"/>
        <line num="310" count="1" type="stmt"/>
        <line num="312" count="1" type="stmt"/>
        <line num="313" count="1" type="stmt"/>
        <line num="319" count="68" type="stmt"/>
        <line num="320" count="301" type="stmt"/>
      </file>
      <file name="selection.ts" path="/Users/sp/Development/github/browser-selection-copy/src/content/selection.ts">
        <metrics statements="34" coveredstatements="33" conditionals="5" coveredconditionals="3" methods="7" coveredmethods="7"/>
        <line num="7" count="4" type="stmt"/>
        <line num="8" count="48" type="stmt"/>
        <line num="9" count="48" type="stmt"/>
        <line num="10" count="48" type="stmt"/>
        <line num="11" count="48" type="stmt"/>
        <line num="12" count="48" type="stmt"/>
        <line num="18" count="435" type="stmt"/>
        <line num="19" count="435" type="stmt"/>
        <line num="20" count="435" type="stmt"/>
        <line num="21" count="435" type="stmt"/>
        <line num="28" count="1" type="cond" truecount="0" falsecount="1"/>
        <line num="30" count="1" type="stmt"/>
        <line num="31" count="1" type="stmt"/>
        <line num="32" count="1" type="stmt"/>
        <line num="33" count="1" type="stmt"/>
        <line num="35" count="1" type="stmt"/>
        <line num="47" count="432" type="cond" truecount="0" falsecount="1"/>
        <line num="48" count="0" type="stmt"/>
        <line num="51" count="432" type="stmt"/>
        <line num="53" count="432" type="stmt"/>
        <line num="60" count="432" type="stmt"/>
        <line num="61" count="432" type="stmt"/>
        <line num="68" count="432" type="stmt"/>
        <line num="69" count="432" type="stmt"/>
        <line num="70" count="432" type="cond" truecount="2" falsecount="0"/>
        <line num="77" count="435" type="stmt"/>
        <line num="84" count="479" type="cond" truecount="1" falsecount="0"/>
        <line num="85" count="435" type="stmt"/>
        <line num="86" count="435" type="stmt"/>
        <line num="88" count="479" type="stmt"/>
        <line num="95" count="435" type="stmt"/>
        <line num="96" count="435" type="stmt"/>
        <line num="99" count="435" type="stmt"/>
        <line num="106" count="435" type="stmt"/>
      </file>
    </package>
    <package name="content.extractor">
      <metrics statements="79" coveredstatements="74" conditionals="29" coveredconditionals="18" methods="9" coveredmethods="8"/>
      <file name="collect.ts" path="/Users/sp/Development/github/browser-selection-copy/src/content/extractor/collect.ts">
        <metrics statements="25" coveredstatements="25" conditionals="15" coveredconditionals="12" methods="4" coveredmethods="4"/>
        <line num="15" count="2" type="stmt"/>
        <line num="16" count="1" type="stmt"/>
        <line num="19" count="1" type="stmt"/>
        <line num="22" count="1" type="stmt"/>
        <line num="28" count="5" type="cond" truecount="1" falsecount="0"/>
        <line num="31" count="2" type="stmt"/>
        <line num="32" count="2" type="cond" truecount="0" falsecount="1"/>
        <line num="35" count="2" type="stmt"/>
        <line num="36" count="2" type="cond" truecount="1" falsecount="0"/>
        <line num="37" count="2" type="stmt"/>
        <line num="38" count="2" type="stmt"/>
        <line num="41" count="2" type="cond" truecount="1" falsecount="1"/>
        <line num="47" count="1" type="stmt"/>
        <line num="48" count="2" type="stmt"/>
        <line num="49" count="2" type="stmt"/>
        <line num="52" count="2" type="stmt"/>
        <line num="53" count="2" type="stmt"/>
        <line num="56" count="2" type="stmt"/>
        <line num="64" count="2" type="cond" truecount="1" falsecount="0"/>
        <line num="65" count="2" type="stmt"/>
        <line num="69" count="2" type="stmt"/>
        <line num="75" count="1" type="stmt"/>
        <line num="83" count="2" type="stmt"/>
        <line num="84" count="2" type="cond" truecount="3" falsecount="0"/>
        <line num="96" count="2" type="cond" truecount="4" falsecount="0"/>
      </file>
      <file name="format.ts" path="/Users/sp/Development/github/browser-selection-copy/src/content/extractor/format.ts">
        <metrics statements="27" coveredstatements="22" conditionals="10" coveredconditionals="4" methods="1" coveredmethods="1"/>
        <line num="9" count="2" type="stmt"/>
        <line num="11" count="1" type="cond" truecount="0" falsecount="1"/>
        <line num="13" count="1" type="stmt"/>
        <line num="15" count="1" type="stmt"/>
        <line num="16" count="1" type="stmt"/>
        <line num="18" count="1" type="stmt"/>
        <line num="21" count="1" type="stmt"/>
        <line num="22" count="1" type="cond" truecount="0" falsecount="1"/>
        <line num="25" count="1" type="stmt"/>
        <line num="26" count="1" type="stmt"/>
        <line num="28" count="1" type="stmt"/>
        <line num="31" count="1" type="stmt"/>
        <line num="32" count="2" type="stmt"/>
        <line num="35" count="2" type="cond" truecount="2" falsecount="1"/>
        <line num="37" count="2" type="stmt"/>
        <line num="41" count="1" type="cond" truecount="1" falsecount="0"/>
        <line num="42" count="1" type="stmt"/>
        <line num="44" count="1" type="stmt"/>
        <line num="47" count="1" type="cond" truecount="1" falsecount="0"/>
        <line num="48" count="1" type="stmt"/>
        <line num="52" count="0" type="cond" truecount="0" falsecount="1"/>
        <line num="53" count="0" type="stmt"/>
        <line num="60" count="1" type="stmt"/>
        <line num="61" count="1" type="stmt"/>
        <line num="64" count="0" type="cond" truecount="0" falsecount="2"/>
        <line num="67" count="0" type="stmt"/>
        <line num="68" count="0" type="stmt"/>
      </file>
      <file name="index.ts" path="/Users/sp/Development/github/browser-selection-copy/src/content/extractor/index.ts">
        <metrics statements="9" coveredstatements="9" conditionals="1" coveredconditionals="0" methods="1" coveredmethods="1"/>
        <line num="4" count="2" type="stmt"/>
        <line num="5" count="2" type="stmt"/>
        <line num="6" count="2" type="stmt"/>
        <line num="13" count="2" type="stmt"/>
        <line num="25" count="2" type="stmt"/>
        <line num="30" count="1" type="stmt"/>
        <line num="31" count="1" type="stmt"/>
        <line num="32" count="1" type="stmt"/>
        <line num="33" count="1" type="stmt"/>
      </file>
      <file name="layout.ts" path="/Users/sp/Development/github/browser-selection-copy/src/content/extractor/layout.ts">
        <metrics statements="18" coveredstatements="18" conditionals="3" coveredconditionals="2" methods="3" coveredmethods="2"/>
        <line num="18" count="2" type="stmt"/>
        <line num="20" count="1" type="cond" truecount="0" falsecount="1"/>
        <line num="23" count="1" type="stmt"/>
        <line num="25" count="1" type="stmt"/>
        <line num="26" count="2" type="stmt"/>
        <line num="27" count="2" type="stmt"/>
        <line num="30" count="2" type="stmt"/>
        <line num="31" count="1" type="stmt"/>
        <line num="33" count="1" type="cond" truecount="1" falsecount="0"/>
        <line num="34" count="1" type="stmt"/>
        <line num="35" count="1" type="stmt"/>
        <line num="36" count="1" type="stmt"/>
        <line num="41" count="2" type="cond" truecount="1" falsecount="0"/>
        <line num="42" count="1" type="stmt"/>
        <line num="47" count="1" type="stmt"/>
        <line num="48" count="1" type="stmt"/>
        <line num="52" count="1" type="stmt"/>
        <line num="54" count="1" type="stmt"/>
      </file>
    </package>
    <package name="content.usage">
      <metrics statements="38" coveredstatements="38" conditionals="7" coveredconditionals="7" methods="5" coveredmethods="5"/>
      <file name="policy.ts" path="/Users/sp/Development/github/browser-selection-copy/src/content/usage/policy.ts">
        <metrics statements="1" coveredstatements="1" conditionals="0" coveredconditionals="0" methods="0" coveredmethods="0"/>
        <line num="19" count="3" type="stmt"/>
      </file>
      <file name="storage.ts" path="/Users/sp/Development/github/browser-selection-copy/src/content/usage/storage.ts">
        <metrics statements="26" coveredstatements="26" conditionals="6" coveredconditionals="6" methods="3" coveredmethods="3"/>
        <line num="13" count="3" type="stmt"/>
        <line num="21" count="3" type="stmt"/>
        <line num="31" count="3" type="stmt"/>
        <line num="32" count="9" type="stmt"/>
        <line num="33" count="9" type="stmt"/>
        <line num="34" count="4" type="cond" truecount="2" falsecount="0"/>
        <line num="36" count="5" type="stmt"/>
        <line num="37" count="5" type="stmt"/>
        <line num="46" count="3" type="stmt"/>
        <line num="47" count="4" type="stmt"/>
        <line num="48" count="4" type="stmt"/>
        <line num="49" count="4" type="stmt"/>
        <line num="53" count="1" type="stmt"/>
        <line num="54" count="1" type="stmt"/>
        <line num="66" count="3" type="stmt"/>
        <line num="67" count="106" type="stmt"/>
        <line num="68" count="106" type="stmt"/>
        <line num="69" count="106" type="stmt"/>
        <line num="70" count="104" type="stmt"/>
        <line num="73" count="104" type="cond" truecount="3" falsecount="0"/>
        <line num="74" count="103" type="stmt"/>
        <line num="80" count="2" type="stmt"/>
        <line num="81" count="2" type="stmt"/>
        <line num="82" count="2" type="cond" truecount="1" falsecount="0"/>
        <line num="83" count="1" type="stmt"/>
        <line num="84" count="1" type="stmt"/>
      </file>
      <file name="usage.ts" path="/Users/sp/Development/github/browser-selection-copy/src/content/usage/usage.ts">
        <metrics statements="11" coveredstatements="11" conditionals="1" coveredconditionals="1" methods="2" coveredmethods="2"/>
        <line num="18" count="2" type="stmt"/>
        <line num="19" count="2" type="stmt"/>
        <line num="40" count="2" type="stmt"/>
        <line num="42" count="1119" type="stmt"/>
        <line num="45" count="1119" type="stmt"/>
        <line num="48" count="1119" type="stmt"/>
        <line num="51" count="1119" type="cond" truecount="1" falsecount="0"/>
        <line num="52" count="411" type="stmt"/>
        <line num="60" count="708" type="stmt"/>
        <line num="73" count="2" type="stmt"/>
        <line num="74" count="485" type="stmt"/>
      </file>
    </package>
  </project>
</coverage>
