{"/Users/sp/Development/github/browser-selection-copy/src/content/content.ts": {"path":"/Users/sp/Development/github/browser-selection-copy/src/content/content.ts","statementMap":{"0":{"start":{"line":1,"column":0},"end":{"line":1,"column":40}},"1":{"start":{"line":2,"column":0},"end":{"line":2,"column":68}},"2":{"start":{"line":3,"column":0},"end":{"line":3,"column":32}},"3":{"start":{"line":5,"column":0},"end":{"line":5,"column":57}},"4":{"start":{"line":13,"column":41},"end":{"line":13,"column":82}},"5":{"start":{"line":16,"column":66},"end":{"line":19,"column":4}},"6":{"start":{"line":24,"column":35},"end":{"line":24,"column":40}},"7":{"start":{"line":25,"column":52},"end":{"line":25,"column":56}},"8":{"start":{"line":26,"column":37},"end":{"line":29,"column":4}},"9":{"start":{"line":30,"column":62},"end":{"line":30,"column":66}},"10":{"start":{"line":31,"column":42},"end":{"line":31,"column":73}},"11":{"start":{"line":32,"column":42},"end":{"line":32,"column":73}},"12":{"start":{"line":33,"column":40},"end":{"line":33,"column":69}},"13":{"start":{"line":34,"column":45},"end":{"line":34,"column":79}},"14":{"start":{"line":35,"column":40},"end":{"line":35,"column":69}},"15":{"start":{"line":36,"column":126},"end":{"line":36,"column":130}},"16":{"start":{"line":40,"column":4},"end":{"line":40,"column":37}},"17":{"start":{"line":41,"column":4},"end":{"line":41,"column":29}},"18":{"start":{"line":42,"column":4},"end":{"line":42,"column":51}},"19":{"start":{"line":43,"column":4},"end":{"line":43,"column":22}},"20":{"start":{"line":50,"column":4},"end":{"line":50,"column":70}},"21":{"start":{"line":51,"column":4},"end":{"line":51,"column":70}},"22":{"start":{"line":52,"column":4},"end":{"line":52,"column":66}},"23":{"start":{"line":53,"column":4},"end":{"line":53,"column":69}},"24":{"start":{"line":54,"column":4},"end":{"line":54,"column":66}},"25":{"start":{"line":56,"column":4},"end":{"line":65,"column":5}},"26":{"start":{"line":57,"column":6},"end":{"line":63,"column":8}},"27":{"start":{"line":58,"column":24},"end":{"line":58,"column":87}},"28":{"start":{"line":59,"column":8},"end":{"line":62,"column":9}},"29":{"start":{"line":60,"column":10},"end":{"line":60,"column":46}},"30":{"start":{"line":61,"column":10},"end":{"line":61,"column":39}},"31":{"start":{"line":64,"column":6},"end":{"line":64,"column":144}},"32":{"start":{"line":72,"column":4},"end":{"line":72,"column":39}},"33":{"start":{"line":72,"column":32},"end":{"line":72,"column":39}},"34":{"start":{"line":75,"column":4},"end":{"line":77,"column":5}},"35":{"start":{"line":76,"column":6},"end":{"line":76,"column":13}},"36":{"start":{"line":80,"column":4},"end":{"line":82,"column":5}},"37":{"start":{"line":81,"column":6},"end":{"line":81,"column":13}},"38":{"start":{"line":85,"column":19},"end":{"line":85,"column":42}},"39":{"start":{"line":86,"column":4},"end":{"line":88,"column":5}},"40":{"start":{"line":87,"column":6},"end":{"line":87,"column":13}},"41":{"start":{"line":90,"column":4},"end":{"line":90,"column":55}},"42":{"start":{"line":91,"column":4},"end":{"line":91,"column":27}},"43":{"start":{"line":92,"column":4},"end":{"line":92,"column":28}},"44":{"start":{"line":99,"column":4},"end":{"line":99,"column":39}},"45":{"start":{"line":99,"column":32},"end":{"line":99,"column":39}},"46":{"start":{"line":100,"column":4},"end":{"line":100,"column":49}},"47":{"start":{"line":100,"column":42},"end":{"line":100,"column":49}},"48":{"start":{"line":101,"column":4},"end":{"line":101,"column":56}},"49":{"start":{"line":102,"column":4},"end":{"line":102,"column":27}},"50":{"start":{"line":103,"column":4},"end":{"line":103,"column":28}},"51":{"start":{"line":110,"column":4},"end":{"line":110,"column":39}},"52":{"start":{"line":110,"column":32},"end":{"line":110,"column":39}},"53":{"start":{"line":112,"column":4},"end":{"line":114,"column":5}},"54":{"start":{"line":113,"column":6},"end":{"line":113,"column":13}},"55":{"start":{"line":116,"column":17},"end":{"line":116,"column":40}},"56":{"start":{"line":117,"column":4},"end":{"line":117,"column":67}},"57":{"start":{"line":119,"column":4},"end":{"line":139,"column":5}},"58":{"start":{"line":121,"column":20},"end":{"line":121,"column":38}},"59":{"start":{"line":122,"column":6},"end":{"line":125,"column":7}},"60":{"start":{"line":123,"column":8},"end":{"line":123,"column":38}},"61":{"start":{"line":124,"column":8},"end":{"line":124,"column":15}},"62":{"start":{"line":128,"column":19},"end":{"line":128,"column":81}},"63":{"start":{"line":130,"column":6},"end":{"line":138,"column":7}},"64":{"start":{"line":131,"column":8},"end":{"line":131,"column":38}},"65":{"start":{"line":132,"column":8},"end":{"line":132,"column":36}},"66":{"start":{"line":134,"column":8},"end":{"line":134,"column":29}},"67":{"start":{"line":136,"column":8},"end":{"line":136,"column":26}},"68":{"start":{"line":137,"column":8},"end":{"line":137,"column":38}},"69":{"start":{"line":141,"column":4},"end":{"line":141,"column":27}},"70":{"start":{"line":142,"column":4},"end":{"line":142,"column":28}},"71":{"start":{"line":149,"column":4},"end":{"line":159,"column":5}},"72":{"start":{"line":150,"column":20},"end":{"line":150,"column":65}},"73":{"start":{"line":151,"column":20},"end":{"line":151,"column":65}},"74":{"start":{"line":152,"column":43},"end":{"line":152,"column":65}},"75":{"start":{"line":153,"column":30},"end":{"line":153,"column":92}},"76":{"start":{"line":154,"column":6},"end":{"line":158,"column":7}},"77":{"start":{"line":156,"column":8},"end":{"line":156,"column":44}},"78":{"start":{"line":157,"column":8},"end":{"line":157,"column":15}},"79":{"start":{"line":161,"column":4},"end":{"line":161,"column":40}},"80":{"start":{"line":171,"column":4},"end":{"line":183,"column":5}},"81":{"start":{"line":172,"column":6},"end":{"line":180,"column":7}},"82":{"start":{"line":179,"column":8},"end":{"line":179,"column":15}},"83":{"start":{"line":181,"column":6},"end":{"line":181,"column":29}},"84":{"start":{"line":182,"column":6},"end":{"line":182,"column":27}},"85":{"start":{"line":190,"column":17},"end":{"line":190,"column":39}},"86":{"start":{"line":191,"column":4},"end":{"line":191,"column":54}},"87":{"start":{"line":192,"column":4},"end":{"line":195,"column":5}},"88":{"start":{"line":193,"column":6},"end":{"line":193,"column":29}},"89":{"start":{"line":194,"column":6},"end":{"line":194,"column":24}},"90":{"start":{"line":202,"column":37},"end":{"line":202,"column":80}},"91":{"start":{"line":203,"column":4},"end":{"line":206,"column":5}},"92":{"start":{"line":204,"column":6},"end":{"line":204,"column":31}},"93":{"start":{"line":205,"column":6},"end":{"line":205,"column":13}},"94":{"start":{"line":208,"column":4},"end":{"line":219,"column":5}},"95":{"start":{"line":209,"column":21},"end":{"line":209,"column":81}},"96":{"start":{"line":210,"column":6},"end":{"line":215,"column":8}},"97":{"start":{"line":217,"column":6},"end":{"line":217,"column":43}},"98":{"start":{"line":218,"column":6},"end":{"line":218,"column":31}},"99":{"start":{"line":226,"column":4},"end":{"line":226,"column":29}},"100":{"start":{"line":227,"column":24},"end":{"line":227,"column":45}},"101":{"start":{"line":228,"column":4},"end":{"line":228,"column":53}},"102":{"start":{"line":231,"column":4},"end":{"line":234,"column":5}},"103":{"start":{"line":232,"column":6},"end":{"line":232,"column":29}},"104":{"start":{"line":233,"column":6},"end":{"line":233,"column":24}},"105":{"start":{"line":236,"column":4},"end":{"line":245,"column":5}},"106":{"start":{"line":237,"column":6},"end":{"line":244,"column":7}},"107":{"start":{"line":238,"column":8},"end":{"line":241,"column":11}},"108":{"start":{"line":243,"column":8},"end":{"line":243,"column":38}},"109":{"start":{"line":252,"column":17},"end":{"line":252,"column":44}},"110":{"start":{"line":253,"column":4},"end":{"line":258,"column":5}},"111":{"start":{"line":254,"column":6},"end":{"line":256,"column":9}},"112":{"start":{"line":255,"column":8},"end":{"line":255,"column":40}},"113":{"start":{"line":257,"column":6},"end":{"line":257,"column":13}},"114":{"start":{"line":260,"column":21},"end":{"line":260,"column":49}},"115":{"start":{"line":261,"column":4},"end":{"line":261,"column":56}},"116":{"start":{"line":263,"column":4},"end":{"line":263,"column":39}},"117":{"start":{"line":270,"column":26},"end":{"line":270,"column":43}},"118":{"start":{"line":271,"column":27},"end":{"line":271,"column":45}},"119":{"start":{"line":272,"column":23},"end":{"line":272,"column":26}},"120":{"start":{"line":273,"column":24},"end":{"line":273,"column":27}},"121":{"start":{"line":275,"column":4},"end":{"line":280,"column":5}},"122":{"start":{"line":276,"column":6},"end":{"line":279,"column":8}},"123":{"start":{"line":282,"column":19},"end":{"line":282,"column":91}},"124":{"start":{"line":283,"column":4},"end":{"line":286,"column":6}},"125":{"start":{"line":298,"column":4},"end":{"line":298,"column":27}},"126":{"start":{"line":299,"column":4},"end":{"line":299,"column":22}},"127":{"start":{"line":300,"column":4},"end":{"line":300,"column":73}},"128":{"start":{"line":301,"column":4},"end":{"line":301,"column":73}},"129":{"start":{"line":302,"column":4},"end":{"line":302,"column":69}},"130":{"start":{"line":303,"column":4},"end":{"line":303,"column":72}},"131":{"start":{"line":304,"column":4},"end":{"line":304,"column":69}},"132":{"start":{"line":305,"column":4},"end":{"line":307,"column":5}},"133":{"start":{"line":306,"column":6},"end":{"line":306,"column":151}},"134":{"start":{"line":308,"column":4},"end":{"line":308,"column":32}},"135":{"start":{"line":325,"column":9},"end":{"line":325,"column":29}},"136":{"start":{"line":320,"column":0},"end":{"line":323,"column":1}},"137":{"start":{"line":321,"column":2},"end":{"line":321,"column":59}},"138":{"start":{"line":322,"column":2},"end":{"line":322,"column":43}}},"fnMap":{"0":{"name":"(anonymous_0)","decl":{"start":{"line":39,"column":2},"end":{"line":39,"column":null}},"loc":{"start":{"line":39,"column":2},"end":{"line":44,"column":3}}},"1":{"name":"(anonymous_1)","decl":{"start":{"line":49,"column":10},"end":{"line":49,"column":20}},"loc":{"start":{"line":49,"column":20},"end":{"line":66,"column":3}}},"2":{"name":"(anonymous_2)","decl":{"start":{"line":57,"column":29},"end":{"line":57,"column":30}},"loc":{"start":{"line":57,"column":64},"end":{"line":63,"column":7}}},"3":{"name":"(anonymous_3)","decl":{"start":{"line":71,"column":10},"end":{"line":71,"column":25}},"loc":{"start":{"line":71,"column":43},"end":{"line":93,"column":3}}},"4":{"name":"(anonymous_4)","decl":{"start":{"line":98,"column":10},"end":{"line":98,"column":25}},"loc":{"start":{"line":98,"column":43},"end":{"line":104,"column":3}}},"5":{"name":"(anonymous_5)","decl":{"start":{"line":109,"column":10},"end":{"line":109,"column":15}},"loc":{"start":{"line":109,"column":47},"end":{"line":143,"column":3}}},"6":{"name":"(anonymous_6)","decl":{"start":{"line":148,"column":10},"end":{"line":148,"column":28}},"loc":{"start":{"line":148,"column":41},"end":{"line":164,"column":3}}},"7":{"name":"(anonymous_7)","decl":{"start":{"line":169,"column":10},"end":{"line":169,"column":23}},"loc":{"start":{"line":169,"column":44},"end":{"line":184,"column":3}}},"8":{"name":"(anonymous_8)","decl":{"start":{"line":189,"column":10},"end":{"line":189,"column":15}},"loc":{"start":{"line":189,"column":29},"end":{"line":196,"column":3}}},"9":{"name":"(anonymous_9)","decl":{"start":{"line":201,"column":10},"end":{"line":201,"column":15}},"loc":{"start":{"line":201,"column":34},"end":{"line":220,"column":3}}},"10":{"name":"(anonymous_10)","decl":{"start":{"line":225,"column":2},"end":{"line":225,"column":7}},"loc":{"start":{"line":225,"column":71},"end":{"line":246,"column":3}}},"11":{"name":"(anonymous_11)","decl":{"start":{"line":251,"column":10},"end":{"line":251,"column":26}},"loc":{"start":{"line":251,"column":39},"end":{"line":264,"column":3}}},"12":{"name":"(anonymous_12)","decl":{"start":{"line":254,"column":49},"end":{"line":254,"column":50}},"loc":{"start":{"line":254,"column":59},"end":{"line":256,"column":7}}},"13":{"name":"(anonymous_13)","decl":{"start":{"line":269,"column":10},"end":{"line":269,"column":27}},"loc":{"start":{"line":269,"column":47},"end":{"line":287,"column":3}}},"14":{"name":"(anonymous_14)","decl":{"start":{"line":292,"column":2},"end":{"line":292,"column":12}},"loc":{"start":{"line":292,"column":12},"end":{"line":292,"column":24}}},"15":{"name":"(anonymous_15)","decl":{"start":{"line":297,"column":2},"end":{"line":297,"column":9}},"loc":{"start":{"line":297,"column":9},"end":{"line":309,"column":3}}}},"branchMap":{"0":{"loc":{"start":{"line":56,"column":4},"end":{"line":65,"column":5}},"type":"if","locations":[{"start":{"line":56,"column":4},"end":{"line":65,"column":5}}]},"1":{"loc":{"start":{"line":56,"column":8},"end":{"line":56,"column":66}},"type":"binary-expr","locations":[{"start":{"line":56,"column":8},"end":{"line":56,"column":37}},{"start":{"line":56,"column":41},"end":{"line":56,"column":66}}]},"2":{"loc":{"start":{"line":59,"column":8},"end":{"line":62,"column":9}},"type":"if","locations":[{"start":{"line":59,"column":8},"end":{"line":62,"column":9}}]},"3":{"loc":{"start":{"line":59,"column":12},"end":{"line":59,"column":65}},"type":"binary-expr","locations":[{"start":{"line":59,"column":12},"end":{"line":59,"column":46}},{"start":{"line":59,"column":50},"end":{"line":59,"column":65}}]},"4":{"loc":{"start":{"line":72,"column":4},"end":{"line":72,"column":39}},"type":"if","locations":[{"start":{"line":72,"column":4},"end":{"line":72,"column":39}}]},"5":{"loc":{"start":{"line":75,"column":4},"end":{"line":77,"column":5}},"type":"if","locations":[{"start":{"line":75,"column":4},"end":{"line":77,"column":5}}]},"6":{"loc":{"start":{"line":80,"column":4},"end":{"line":82,"column":5}},"type":"if","locations":[{"start":{"line":80,"column":4},"end":{"line":82,"column":5}}]},"7":{"loc":{"start":{"line":86,"column":4},"end":{"line":88,"column":5}},"type":"if","locations":[{"start":{"line":86,"column":4},"end":{"line":88,"column":5}}]},"8":{"loc":{"start":{"line":99,"column":4},"end":{"line":99,"column":39}},"type":"if","locations":[{"start":{"line":99,"column":4},"end":{"line":99,"column":39}}]},"9":{"loc":{"start":{"line":100,"column":4},"end":{"line":100,"column":49}},"type":"if","locations":[{"start":{"line":100,"column":4},"end":{"line":100,"column":49}}]},"10":{"loc":{"start":{"line":110,"column":4},"end":{"line":110,"column":39}},"type":"if","locations":[{"start":{"line":110,"column":4},"end":{"line":110,"column":39}}]},"11":{"loc":{"start":{"line":112,"column":4},"end":{"line":114,"column":5}},"type":"if","locations":[{"start":{"line":112,"column":4},"end":{"line":114,"column":5}}]},"12":{"loc":{"start":{"line":119,"column":4},"end":{"line":139,"column":5}},"type":"if","locations":[{"start":{"line":119,"column":4},"end":{"line":139,"column":5}}]},"13":{"loc":{"start":{"line":119,"column":8},"end":{"line":119,"column":44}},"type":"binary-expr","locations":[{"start":{"line":119,"column":8},"end":{"line":119,"column":12}},{"start":{"line":119,"column":16},"end":{"line":119,"column":44}}]},"14":{"loc":{"start":{"line":122,"column":6},"end":{"line":125,"column":7}},"type":"if","locations":[{"start":{"line":122,"column":6},"end":{"line":125,"column":7}}]},"15":{"loc":{"start":{"line":130,"column":6},"end":{"line":138,"column":7}},"type":"if","locations":[{"start":{"line":130,"column":6},"end":{"line":138,"column":7}},{"start":{"line":135,"column":13},"end":{"line":138,"column":7}}]},"16":{"loc":{"start":{"line":149,"column":4},"end":{"line":159,"column":5}},"type":"if","locations":[{"start":{"line":149,"column":4},"end":{"line":159,"column":5}}]},"17":{"loc":{"start":{"line":149,"column":8},"end":{"line":149,"column":61}},"type":"binary-expr","locations":[{"start":{"line":149,"column":8},"end":{"line":149,"column":35}},{"start":{"line":149,"column":39},"end":{"line":149,"column":61}}]},"18":{"loc":{"start":{"line":153,"column":30},"end":{"line":153,"column":92}},"type":"binary-expr","locations":[{"start":{"line":153,"column":30},"end":{"line":153,"column":42}},{"start":{"line":153,"column":46},"end":{"line":153,"column":59}},{"start":{"line":153,"column":63},"end":{"line":153,"column":74}},{"start":{"line":153,"column":78},"end":{"line":153,"column":92}}]},"19":{"loc":{"start":{"line":154,"column":6},"end":{"line":158,"column":7}},"type":"if","locations":[{"start":{"line":154,"column":6},"end":{"line":158,"column":7}}]},"20":{"loc":{"start":{"line":171,"column":4},"end":{"line":183,"column":5}},"type":"if","locations":[{"start":{"line":171,"column":4},"end":{"line":183,"column":5}}]},"21":{"loc":{"start":{"line":171,"column":8},"end":{"line":171,"column":64}},"type":"binary-expr","locations":[{"start":{"line":171,"column":8},"end":{"line":171,"column":21}},{"start":{"line":171,"column":25},"end":{"line":171,"column":39}},{"start":{"line":171,"column":43},"end":{"line":171,"column":64}}]},"22":{"loc":{"start":{"line":172,"column":6},"end":{"line":180,"column":7}},"type":"if","locations":[{"start":{"line":172,"column":6},"end":{"line":180,"column":7}}]},"23":{"loc":{"start":{"line":173,"column":8},"end":{"line":177,"column":73}},"type":"binary-expr","locations":[{"start":{"line":173,"column":9},"end":{"line":173,"column":49}},{"start":{"line":174,"column":9},"end":{"line":174,"column":52}},{"start":{"line":175,"column":9},"end":{"line":175,"column":50}},{"start":{"line":176,"column":9},"end":{"line":176,"column":50}},{"start":{"line":177,"column":9},"end":{"line":177,"column":21}},{"start":{"line":177,"column":26},"end":{"line":177,"column":72}}]},"24":{"loc":{"start":{"line":192,"column":4},"end":{"line":195,"column":5}},"type":"if","locations":[{"start":{"line":192,"column":4},"end":{"line":195,"column":5}}]},"25":{"loc":{"start":{"line":203,"column":4},"end":{"line":206,"column":5}},"type":"if","locations":[{"start":{"line":203,"column":4},"end":{"line":206,"column":5}}]},"26":{"loc":{"start":{"line":203,"column":8},"end":{"line":203,"column":63}},"type":"binary-expr","locations":[{"start":{"line":203,"column":8},"end":{"line":203,"column":37}},{"start":{"line":203,"column":41},"end":{"line":203,"column":63}}]},"27":{"loc":{"start":{"line":211,"column":17},"end":{"line":211,"column":88}},"type":"cond-expr","locations":[{"start":{"line":211,"column":55},"end":{"line":211,"column":69}},{"start":{"line":211,"column":72},"end":{"line":211,"column":88}}]},"28":{"loc":{"start":{"line":212,"column":24},"end":{"line":214,"column":34}},"type":"cond-expr","locations":[{"start":{"line":213,"column":12},"end":{"line":213,"column":32}},{"start":{"line":214,"column":12},"end":{"line":214,"column":34}}]},"29":{"loc":{"start":{"line":225,"column":56},"end":{"line":225,"column":71}},"type":"default-arg","locations":[{"start":{"line":225,"column":66},"end":{"line":225,"column":71}}]},"30":{"loc":{"start":{"line":231,"column":4},"end":{"line":234,"column":5}},"type":"if","locations":[{"start":{"line":231,"column":4},"end":{"line":234,"column":5}}]},"31":{"loc":{"start":{"line":231,"column":8},"end":{"line":231,"column":45}},"type":"binary-expr","locations":[{"start":{"line":231,"column":8},"end":{"line":231,"column":19}},{"start":{"line":231,"column":23},"end":{"line":231,"column":45}}]},"32":{"loc":{"start":{"line":236,"column":4},"end":{"line":245,"column":5}},"type":"if","locations":[{"start":{"line":236,"column":4},"end":{"line":245,"column":5}}]},"33":{"loc":{"start":{"line":236,"column":8},"end":{"line":236,"column":73}},"type":"binary-expr","locations":[{"start":{"line":236,"column":8},"end":{"line":236,"column":15}},{"start":{"line":236,"column":19},"end":{"line":236,"column":48}},{"start":{"line":236,"column":52},"end":{"line":236,"column":73}}]},"34":{"loc":{"start":{"line":253,"column":4},"end":{"line":258,"column":5}},"type":"if","locations":[{"start":{"line":253,"column":4},"end":{"line":258,"column":5}}]},"35":{"loc":{"start":{"line":275,"column":4},"end":{"line":280,"column":5}},"type":"if","locations":[{"start":{"line":275,"column":4},"end":{"line":280,"column":5}}]},"36":{"loc":{"start":{"line":282,"column":19},"end":{"line":282,"column":91}},"type":"binary-expr","locations":[{"start":{"line":282,"column":19},"end":{"line":282,"column":40}},{"start":{"line":282,"column":44},"end":{"line":282,"column":91}}]},"37":{"loc":{"start":{"line":305,"column":4},"end":{"line":307,"column":5}},"type":"if","locations":[{"start":{"line":305,"column":4},"end":{"line":307,"column":5}}]},"38":{"loc":{"start":{"line":305,"column":8},"end":{"line":305,"column":106}},"type":"binary-expr","locations":[{"start":{"line":305,"column":8},"end":{"line":305,"column":28}},{"start":{"line":305,"column":32},"end":{"line":305,"column":61}},{"start":{"line":305,"column":65},"end":{"line":305,"column":106}}]},"39":{"loc":{"start":{"line":320,"column":0},"end":{"line":323,"column":1}},"type":"if","locations":[{"start":{"line":320,"column":0},"end":{"line":323,"column":1}}]}},"s":{"0":4,"1":4,"2":4,"3":4,"4":4,"5":4,"6":48,"7":48,"8":48,"9":48,"10":48,"11":48,"12":48,"13":48,"14":48,"15":48,"16":48,"17":48,"18":48,"19":48,"20":48,"21":48,"22":48,"23":48,"24":48,"25":48,"26":48,"27":0,"28":0,"29":0,"30":0,"31":48,"32":437,"33":1,"34":436,"35":0,"36":436,"37":1,"38":435,"39":435,"40":0,"41":435,"42":435,"43":435,"44":2,"45":0,"46":2,"47":1,"48":1,"49":1,"50":1,"51":433,"52":0,"53":433,"54":1,"55":432,"56":432,"57":432,"58":432,"59":432,"60":4,"61":4,"62":428,"63":428,"64":326,"65":326,"66":326,"67":102,"68":102,"69":428,"70":428,"71":7,"72":7,"73":7,"74":7,"75":7,"76":7,"77":6,"78":6,"79":1,"80":1,"81":1,"82":0,"83":1,"84":1,"85":1,"86":1,"87":1,"88":0,"89":0,"90":48,"91":48,"92":0,"93":0,"94":48,"95":48,"96":48,"97":0,"98":0,"99":39,"100":39,"101":39,"102":39,"103":0,"104":0,"105":39,"106":1,"107":1,"108":0,"109":326,"110":326,"111":1,"112":0,"113":1,"114":325,"115":325,"116":325,"117":325,"118":325,"119":325,"120":325,"121":325,"122":325,"123":0,"124":0,"125":47,"126":47,"127":47,"128":47,"129":47,"130":47,"131":47,"132":47,"133":0,"134":47,"135":4,"136":4,"137":4,"138":4},"f":{"0":48,"1":48,"2":0,"3":437,"4":2,"5":433,"6":7,"7":1,"8":1,"9":48,"10":39,"11":326,"12":0,"13":325,"14":4,"15":47},"b":{"0":[48],"1":[48,48],"2":[0],"3":[0,0],"4":[1],"5":[0],"6":[1],"7":[0],"8":[0],"9":[1],"10":[0],"11":[1],"12":[432],"13":[432,432],"14":[4],"15":[326,102],"16":[7],"17":[7,7],"18":[7,7,6,6],"19":[6],"20":[1],"21":[1,1,1],"22":[0],"23":[1,1,1,1,1,1],"24":[0],"25":[0],"26":[48,48],"27":[41,7],"28":[41,7],"29":[38],"30":[0],"31":[39,16],"32":[1],"33":[39,1,1],"34":[1],"35":[325],"36":[0,0],"37":[0],"38":[47,46,46],"39":[4]}}
,"/Users/sp/Development/github/browser-selection-copy/src/content/panel.ts": {"path":"/Users/sp/Development/github/browser-selection-copy/src/content/panel.ts","statementMap":{"0":{"start":{"line":6,"column":43},"end":{"line":6,"column":47}},"1":{"start":{"line":7,"column":24},"end":{"line":7,"column":26}},"2":{"start":{"line":8,"column":38},"end":{"line":8,"column":62}},"3":{"start":{"line":11,"column":13},"end":{"line":11,"column":17}},"4":{"start":{"line":23,"column":4},"end":{"line":23,"column":28}},"5":{"start":{"line":24,"column":4},"end":{"line":24,"column":67}},"6":{"start":{"line":31,"column":4},"end":{"line":41,"column":6}},"7":{"start":{"line":48,"column":4},"end":{"line":51,"column":5}},"8":{"start":{"line":49,"column":6},"end":{"line":49,"column":28}},"9":{"start":{"line":50,"column":6},"end":{"line":50,"column":26}},"10":{"start":{"line":52,"column":4},"end":{"line":52,"column":63}},"11":{"start":{"line":53,"column":4},"end":{"line":53,"column":58}},"12":{"start":{"line":54,"column":4},"end":{"line":54,"column":26}},"13":{"start":{"line":61,"column":4},"end":{"line":61,"column":51}},"14":{"start":{"line":78,"column":4},"end":{"line":78,"column":16}},"15":{"start":{"line":81,"column":4},"end":{"line":81,"column":49}},"16":{"start":{"line":82,"column":4},"end":{"line":82,"column":62}},"17":{"start":{"line":83,"column":4},"end":{"line":83,"column":49}},"18":{"start":{"line":84,"column":4},"end":{"line":84,"column":51}},"19":{"start":{"line":87,"column":19},"end":{"line":87,"column":48}},"20":{"start":{"line":88,"column":4},"end":{"line":88,"column":63}},"21":{"start":{"line":91,"column":18},"end":{"line":91,"column":48}},"22":{"start":{"line":92,"column":4},"end":{"line":92,"column":61}},"23":{"start":{"line":95,"column":17},"end":{"line":95,"column":47}},"24":{"start":{"line":96,"column":4},"end":{"line":96,"column":59}},"25":{"start":{"line":97,"column":4},"end":{"line":97,"column":44}},"26":{"start":{"line":100,"column":22},"end":{"line":100,"column":52}},"27":{"start":{"line":101,"column":4},"end":{"line":101,"column":52}},"28":{"start":{"line":103,"column":4},"end":{"line":103,"column":28}},"29":{"start":{"line":104,"column":4},"end":{"line":104,"column":33}},"30":{"start":{"line":107,"column":21},"end":{"line":107,"column":53}},"31":{"start":{"line":108,"column":4},"end":{"line":108,"column":29}},"32":{"start":{"line":109,"column":4},"end":{"line":109,"column":64}},"33":{"start":{"line":110,"column":4},"end":{"line":110,"column":31}},"34":{"start":{"line":111,"column":4},"end":{"line":111,"column":41}},"35":{"start":{"line":111,"column":29},"end":{"line":111,"column":40}},"36":{"start":{"line":113,"column":4},"end":{"line":113,"column":30}},"37":{"start":{"line":114,"column":4},"end":{"line":114,"column":33}},"38":{"start":{"line":117,"column":4},"end":{"line":208,"column":5}},"39":{"start":{"line":119,"column":29},"end":{"line":119,"column":58}},"40":{"start":{"line":120,"column":6},"end":{"line":120,"column":82}},"41":{"start":{"line":122,"column":22},"end":{"line":122,"column":51}},"42":{"start":{"line":123,"column":6},"end":{"line":123,"column":67}},"43":{"start":{"line":124,"column":6},"end":{"line":124,"column":49}},"44":{"start":{"line":126,"column":25},"end":{"line":126,"column":54}},"45":{"start":{"line":127,"column":6},"end":{"line":127,"column":73}},"46":{"start":{"line":128,"column":6},"end":{"line":128,"column":41}},"47":{"start":{"line":130,"column":24},"end":{"line":130,"column":53}},"48":{"start":{"line":131,"column":6},"end":{"line":131,"column":72}},"49":{"start":{"line":132,"column":6},"end":{"line":132,"column":40}},"50":{"start":{"line":134,"column":6},"end":{"line":134,"column":42}},"51":{"start":{"line":135,"column":6},"end":{"line":135,"column":45}},"52":{"start":{"line":136,"column":6},"end":{"line":136,"column":44}},"53":{"start":{"line":138,"column":6},"end":{"line":138,"column":39}},"54":{"start":{"line":139,"column":6},"end":{"line":139,"column":47}},"55":{"start":{"line":142,"column":6},"end":{"line":156,"column":7}},"56":{"start":{"line":143,"column":34},"end":{"line":143,"column":63}},"57":{"start":{"line":144,"column":8},"end":{"line":144,"column":87}},"58":{"start":{"line":146,"column":27},"end":{"line":146,"column":59}},"59":{"start":{"line":147,"column":8},"end":{"line":147,"column":76}},"60":{"start":{"line":148,"column":8},"end":{"line":148,"column":46}},"61":{"start":{"line":149,"column":8},"end":{"line":152,"column":10}},"62":{"start":{"line":151,"column":10},"end":{"line":151,"column":39}},"63":{"start":{"line":154,"column":8},"end":{"line":154,"column":50}},"64":{"start":{"line":155,"column":8},"end":{"line":155,"column":52}},"65":{"start":{"line":159,"column":29},"end":{"line":159,"column":58}},"66":{"start":{"line":160,"column":6},"end":{"line":160,"column":82}},"67":{"start":{"line":162,"column":22},"end":{"line":162,"column":56}},"68":{"start":{"line":163,"column":6},"end":{"line":163,"column":68}},"69":{"start":{"line":164,"column":6},"end":{"line":164,"column":35}},"70":{"start":{"line":165,"column":6},"end":{"line":165,"column":39}},"71":{"start":{"line":166,"column":6},"end":{"line":169,"column":8}},"72":{"start":{"line":167,"column":23},"end":{"line":167,"column":54}},"73":{"start":{"line":168,"column":8},"end":{"line":168,"column":40}},"74":{"start":{"line":171,"column":6},"end":{"line":171,"column":42}},"75":{"start":{"line":174,"column":29},"end":{"line":174,"column":58}},"76":{"start":{"line":175,"column":6},"end":{"line":175,"column":79}},"77":{"start":{"line":178,"column":22},"end":{"line":178,"column":54}},"78":{"start":{"line":179,"column":6},"end":{"line":179,"column":68}},"79":{"start":{"line":180,"column":6},"end":{"line":180,"column":36}},"80":{"start":{"line":182,"column":29},"end":{"line":182,"column":59}},"81":{"start":{"line":183,"column":6},"end":{"line":183,"column":83}},"82":{"start":{"line":185,"column":26},"end":{"line":185,"column":56}},"83":{"start":{"line":186,"column":6},"end":{"line":186,"column":77}},"84":{"start":{"line":187,"column":6},"end":{"line":187,"column":37}},"85":{"start":{"line":189,"column":26},"end":{"line":189,"column":56}},"86":{"start":{"line":190,"column":6},"end":{"line":190,"column":41}},"87":{"start":{"line":192,"column":6},"end":{"line":192,"column":46}},"88":{"start":{"line":193,"column":6},"end":{"line":193,"column":46}},"89":{"start":{"line":194,"column":6},"end":{"line":194,"column":42}},"90":{"start":{"line":196,"column":6},"end":{"line":200,"column":8}},"91":{"start":{"line":197,"column":8},"end":{"line":197,"column":31}},"92":{"start":{"line":199,"column":8},"end":{"line":199,"column":44}},"93":{"start":{"line":199,"column":25},"end":{"line":199,"column":36}},"94":{"start":{"line":202,"column":6},"end":{"line":202,"column":42}},"95":{"start":{"line":205,"column":6},"end":{"line":205,"column":39}},"96":{"start":{"line":206,"column":6},"end":{"line":206,"column":47}},"97":{"start":{"line":207,"column":6},"end":{"line":207,"column":47}},"98":{"start":{"line":210,"column":4},"end":{"line":210,"column":44}},"99":{"start":{"line":213,"column":4},"end":{"line":213,"column":75}},"100":{"start":{"line":213,"column":52},"end":{"line":213,"column":73}},"101":{"start":{"line":214,"column":4},"end":{"line":214,"column":60}},"102":{"start":{"line":215,"column":4},"end":{"line":215,"column":55}},"103":{"start":{"line":222,"column":4},"end":{"line":228,"column":5}},"104":{"start":{"line":223,"column":6},"end":{"line":223,"column":60}},"105":{"start":{"line":224,"column":6},"end":{"line":224,"column":29}},"106":{"start":{"line":226,"column":6},"end":{"line":226,"column":36}},"107":{"start":{"line":227,"column":6},"end":{"line":227,"column":27}},"108":{"start":{"line":235,"column":16},"end":{"line":235,"column":90}},"109":{"start":{"line":236,"column":4},"end":{"line":254,"column":5}},"110":{"start":{"line":237,"column":27},"end":{"line":237,"column":40}},"111":{"start":{"line":238,"column":23},"end":{"line":238,"column":89}},"112":{"start":{"line":239,"column":23},"end":{"line":239,"column":108}},"113":{"start":{"line":241,"column":6},"end":{"line":244,"column":7}},"114":{"start":{"line":242,"column":8},"end":{"line":242,"column":35}},"115":{"start":{"line":243,"column":8},"end":{"line":243,"column":37}},"116":{"start":{"line":246,"column":6},"end":{"line":246,"column":35}},"117":{"start":{"line":248,"column":6},"end":{"line":253,"column":15}},"118":{"start":{"line":249,"column":8},"end":{"line":252,"column":9}},"119":{"start":{"line":250,"column":10},"end":{"line":250,"column":39}},"120":{"start":{"line":251,"column":10},"end":{"line":251,"column":42}},"121":{"start":{"line":261,"column":16},"end":{"line":261,"column":90}},"122":{"start":{"line":262,"column":4},"end":{"line":280,"column":5}},"123":{"start":{"line":263,"column":27},"end":{"line":263,"column":40}},"124":{"start":{"line":264,"column":23},"end":{"line":264,"column":89}},"125":{"start":{"line":265,"column":23},"end":{"line":265,"column":108}},"126":{"start":{"line":267,"column":6},"end":{"line":270,"column":7}},"127":{"start":{"line":268,"column":8},"end":{"line":268,"column":35}},"128":{"start":{"line":269,"column":8},"end":{"line":269,"column":38}},"129":{"start":{"line":272,"column":6},"end":{"line":272,"column":33}},"130":{"start":{"line":274,"column":6},"end":{"line":279,"column":15}},"131":{"start":{"line":275,"column":8},"end":{"line":278,"column":9}},"132":{"start":{"line":276,"column":10},"end":{"line":276,"column":39}},"133":{"start":{"line":277,"column":10},"end":{"line":277,"column":40}},"134":{"start":{"line":287,"column":4},"end":{"line":287,"column":30}},"135":{"start":{"line":287,"column":23},"end":{"line":287,"column":30}},"136":{"start":{"line":288,"column":17},"end":{"line":288,"column":53}},"137":{"start":{"line":289,"column":4},"end":{"line":294,"column":6}},"138":{"start":{"line":295,"column":4},"end":{"line":295,"column":27}},"139":{"start":{"line":301,"column":23},"end":{"line":314,"column":3}},"140":{"start":{"line":302,"column":4},"end":{"line":302,"column":49}},"141":{"start":{"line":302,"column":42},"end":{"line":302,"column":49}},"142":{"start":{"line":303,"column":19},"end":{"line":303,"column":56}},"143":{"start":{"line":304,"column":19},"end":{"line":304,"column":56}},"144":{"start":{"line":306,"column":21},"end":{"line":306,"column":55}},"145":{"start":{"line":307,"column":20},"end":{"line":307,"column":53}},"146":{"start":{"line":309,"column":20},"end":{"line":309,"column":64}},"147":{"start":{"line":310,"column":19},"end":{"line":310,"column":65}},"148":{"start":{"line":312,"column":4},"end":{"line":312,"column":91}},"149":{"start":{"line":313,"column":4},"end":{"line":313,"column":88}},"150":{"start":{"line":319,"column":20},"end":{"line":321,"column":3}},"151":{"start":{"line":320,"column":4},"end":{"line":320,"column":26}},"152":{"start":{"line":5,"column":0},"end":{"line":5,"column":13}}},"fnMap":{"0":{"name":"(anonymous_0)","decl":{"start":{"line":16,"column":2},"end":{"line":16,"column":6}},"loc":{"start":{"line":21,"column":5},"end":{"line":25,"column":3}}},"1":{"name":"(anonymous_1)","decl":{"start":{"line":30,"column":2},"end":{"line":30,"column":18}},"loc":{"start":{"line":30,"column":18},"end":{"line":42,"column":3}}},"2":{"name":"(anonymous_2)","decl":{"start":{"line":47,"column":2},"end":{"line":47,"column":6}},"loc":{"start":{"line":47,"column":6},"end":{"line":55,"column":3}}},"3":{"name":"(anonymous_3)","decl":{"start":{"line":60,"column":2},"end":{"line":60,"column":10}},"loc":{"start":{"line":60,"column":30},"end":{"line":62,"column":3}}},"4":{"name":"(anonymous_4)","decl":{"start":{"line":67,"column":10},"end":{"line":67,"column":23}},"loc":{"start":{"line":76,"column":5},"end":{"line":216,"column":3}}},"5":{"name":"(anonymous_5)","decl":{"start":{"line":111,"column":23},"end":{"line":111,"column":26}},"loc":{"start":{"line":111,"column":29},"end":{"line":111,"column":40}}},"6":{"name":"(anonymous_6)","decl":{"start":{"line":149,"column":29},"end":{"line":149,"column":32}},"loc":{"start":{"line":149,"column":34},"end":{"line":152,"column":9}}},"7":{"name":"(anonymous_7)","decl":{"start":{"line":166,"column":24},"end":{"line":166,"column":25}},"loc":{"start":{"line":166,"column":30},"end":{"line":169,"column":7}}},"8":{"name":"(anonymous_8)","decl":{"start":{"line":196,"column":24},"end":{"line":196,"column":27}},"loc":{"start":{"line":196,"column":29},"end":{"line":200,"column":7}}},"9":{"name":"(anonymous_9)","decl":{"start":{"line":199,"column":19},"end":{"line":199,"column":22}},"loc":{"start":{"line":199,"column":25},"end":{"line":199,"column":36}}},"10":{"name":"(anonymous_10)","decl":{"start":{"line":213,"column":41},"end":{"line":213,"column":42}},"loc":{"start":{"line":213,"column":52},"end":{"line":213,"column":73}}},"11":{"name":"(anonymous_11)","decl":{"start":{"line":221,"column":10},"end":{"line":221,"column":15}},"loc":{"start":{"line":221,"column":31},"end":{"line":229,"column":3}}},"12":{"name":"(anonymous_12)","decl":{"start":{"line":234,"column":10},"end":{"line":234,"column":25}},"loc":{"start":{"line":234,"column":25},"end":{"line":255,"column":3}}},"13":{"name":"(anonymous_13)","decl":{"start":{"line":248,"column":17},"end":{"line":248,"column":20}},"loc":{"start":{"line":248,"column":22},"end":{"line":253,"column":7}}},"14":{"name":"(anonymous_14)","decl":{"start":{"line":260,"column":10},"end":{"line":260,"column":23}},"loc":{"start":{"line":260,"column":23},"end":{"line":281,"column":3}}},"15":{"name":"(anonymous_15)","decl":{"start":{"line":274,"column":17},"end":{"line":274,"column":20}},"loc":{"start":{"line":274,"column":22},"end":{"line":279,"column":7}}},"16":{"name":"(anonymous_16)","decl":{"start":{"line":286,"column":10},"end":{"line":286,"column":19}},"loc":{"start":{"line":286,"column":37},"end":{"line":296,"column":3}}},"17":{"name":"(anonymous_17)","decl":{"start":{"line":301,"column":23},"end":{"line":301,"column":24}},"loc":{"start":{"line":301,"column":51},"end":{"line":314,"column":3}}},"18":{"name":"(anonymous_18)","decl":{"start":{"line":319,"column":20},"end":{"line":319,"column":29}},"loc":{"start":{"line":319,"column":31},"end":{"line":321,"column":3}}}},"branchMap":{"0":{"loc":{"start":{"line":18,"column":4},"end":{"line":21,"column":null}},"type":"default-arg","locations":[{"start":{"line":18,"column":79},"end":{"line":21,"column":null}}]},"1":{"loc":{"start":{"line":24,"column":41},"end":{"line":24,"column":65}},"type":"binary-expr","locations":[{"start":{"line":24,"column":41},"end":{"line":24,"column":57}},{"start":{"line":24,"column":61},"end":{"line":24,"column":65}}]},"2":{"loc":{"start":{"line":48,"column":4},"end":{"line":51,"column":5}},"type":"if","locations":[{"start":{"line":48,"column":4},"end":{"line":51,"column":5}}]},"3":{"loc":{"start":{"line":61,"column":11},"end":{"line":61,"column":50}},"type":"binary-expr","locations":[{"start":{"line":61,"column":11},"end":{"line":61,"column":41}},{"start":{"line":61,"column":45},"end":{"line":61,"column":50}}]},"4":{"loc":{"start":{"line":97,"column":23},"end":{"line":97,"column":43}},"type":"binary-expr","locations":[{"start":{"line":97,"column":23},"end":{"line":97,"column":35}},{"start":{"line":97,"column":39},"end":{"line":97,"column":43}}]},"5":{"loc":{"start":{"line":101,"column":28},"end":{"line":101,"column":51}},"type":"binary-expr","locations":[{"start":{"line":101,"column":28},"end":{"line":101,"column":41}},{"start":{"line":101,"column":45},"end":{"line":101,"column":51}}]},"6":{"loc":{"start":{"line":117,"column":4},"end":{"line":208,"column":5}},"type":"if","locations":[{"start":{"line":117,"column":4},"end":{"line":208,"column":5}},{"start":{"line":157,"column":11},"end":{"line":208,"column":5}}]},"7":{"loc":{"start":{"line":124,"column":28},"end":{"line":124,"column":48}},"type":"binary-expr","locations":[{"start":{"line":124,"column":28},"end":{"line":124,"column":42}},{"start":{"line":124,"column":46},"end":{"line":124,"column":48}}]},"8":{"loc":{"start":{"line":142,"column":6},"end":{"line":156,"column":7}},"type":"if","locations":[{"start":{"line":142,"column":6},"end":{"line":156,"column":7}}]},"9":{"loc":{"start":{"line":236,"column":4},"end":{"line":254,"column":5}},"type":"if","locations":[{"start":{"line":236,"column":4},"end":{"line":254,"column":5}}]},"10":{"loc":{"start":{"line":241,"column":6},"end":{"line":244,"column":7}},"type":"if","locations":[{"start":{"line":241,"column":6},"end":{"line":244,"column":7}}]},"11":{"loc":{"start":{"line":241,"column":10},"end":{"line":241,"column":30}},"type":"binary-expr","locations":[{"start":{"line":241,"column":10},"end":{"line":241,"column":18}},{"start":{"line":241,"column":22},"end":{"line":241,"column":30}}]},"12":{"loc":{"start":{"line":249,"column":8},"end":{"line":252,"column":9}},"type":"if","locations":[{"start":{"line":249,"column":8},"end":{"line":252,"column":9}}]},"13":{"loc":{"start":{"line":262,"column":4},"end":{"line":280,"column":5}},"type":"if","locations":[{"start":{"line":262,"column":4},"end":{"line":280,"column":5}}]},"14":{"loc":{"start":{"line":267,"column":6},"end":{"line":270,"column":7}},"type":"if","locations":[{"start":{"line":267,"column":6},"end":{"line":270,"column":7}}]},"15":{"loc":{"start":{"line":267,"column":10},"end":{"line":267,"column":30}},"type":"binary-expr","locations":[{"start":{"line":267,"column":10},"end":{"line":267,"column":18}},{"start":{"line":267,"column":22},"end":{"line":267,"column":30}}]},"16":{"loc":{"start":{"line":275,"column":8},"end":{"line":278,"column":9}},"type":"if","locations":[{"start":{"line":275,"column":8},"end":{"line":278,"column":9}}]},"17":{"loc":{"start":{"line":287,"column":4},"end":{"line":287,"column":30}},"type":"if","locations":[{"start":{"line":287,"column":4},"end":{"line":287,"column":30}}]},"18":{"loc":{"start":{"line":302,"column":4},"end":{"line":302,"column":49}},"type":"if","locations":[{"start":{"line":302,"column":4},"end":{"line":302,"column":49}}]},"19":{"loc":{"start":{"line":302,"column":8},"end":{"line":302,"column":40}},"type":"binary-expr","locations":[{"start":{"line":302,"column":8},"end":{"line":302,"column":23}},{"start":{"line":302,"column":27},"end":{"line":302,"column":40}}]}},"s":{"0":68,"1":68,"2":68,"3":68,"4":334,"5":334,"6":13,"7":527,"8":347,"9":347,"10":527,"11":527,"12":527,"13":441,"14":347,"15":347,"16":347,"17":347,"18":347,"19":347,"20":347,"21":347,"22":347,"23":347,"24":347,"25":347,"26":347,"27":347,"28":347,"29":347,"30":347,"31":347,"32":347,"33":347,"34":347,"35":3,"36":347,"37":347,"38":347,"39":13,"40":13,"41":13,"42":13,"43":13,"44":13,"45":13,"46":13,"47":13,"48":13,"49":13,"50":13,"51":13,"52":13,"53":13,"54":13,"55":13,"56":13,"57":13,"58":13,"59":13,"60":13,"61":13,"62":1,"63":13,"64":13,"65":334,"66":334,"67":334,"68":334,"69":334,"70":334,"71":334,"72":2,"73":2,"74":334,"75":334,"76":334,"77":334,"78":334,"79":334,"80":334,"81":334,"82":334,"83":334,"84":334,"85":334,"86":334,"87":334,"88":334,"89":334,"90":334,"91":7,"92":7,"93":5,"94":334,"95":334,"96":334,"97":334,"98":347,"99":347,"100":1,"101":347,"102":347,"103":7,"104":7,"105":6,"106":1,"107":1,"108":6,"109":6,"110":6,"111":6,"112":6,"113":6,"114":6,"115":6,"116":6,"117":6,"118":4,"119":4,"120":4,"121":1,"122":1,"123":1,"124":1,"125":1,"126":1,"127":1,"128":1,"129":1,"130":1,"131":1,"132":1,"133":1,"134":1,"135":0,"136":1,"137":1,"138":1,"139":68,"140":1,"141":0,"142":1,"143":1,"144":1,"145":1,"146":1,"147":1,"148":1,"149":1,"150":68,"151":301,"152":5},"f":{"0":334,"1":13,"2":527,"3":441,"4":347,"5":3,"6":1,"7":2,"8":7,"9":5,"10":1,"11":7,"12":6,"13":4,"14":1,"15":1,"16":1,"17":1,"18":301},"b":{"0":[0],"1":[334,7],"2":[347],"3":[441,136],"4":[347,334],"5":[347,334],"6":[13,334],"7":[13,0],"8":[13],"9":[6],"10":[6],"11":[6,6],"12":[4],"13":[1],"14":[1],"15":[1,1],"16":[1],"17":[0],"18":[0],"19":[1,1]}}
,"/Users/sp/Development/github/browser-selection-copy/src/content/selection.ts": {"path":"/Users/sp/Development/github/browser-selection-copy/src/content/selection.ts","statementMap":{"0":{"start":{"line":8,"column":43},"end":{"line":8,"column":47}},"1":{"start":{"line":9,"column":19},"end":{"line":9,"column":20}},"2":{"start":{"line":10,"column":19},"end":{"line":10,"column":20}},"3":{"start":{"line":11,"column":24},"end":{"line":11,"column":29}},"4":{"start":{"line":12,"column":38},"end":{"line":12,"column":62}},"5":{"start":{"line":18,"column":4},"end":{"line":18,"column":20}},"6":{"start":{"line":19,"column":4},"end":{"line":19,"column":20}},"7":{"start":{"line":20,"column":4},"end":{"line":20,"column":28}},"8":{"start":{"line":21,"column":4},"end":{"line":21,"column":25}},"9":{"start":{"line":28,"column":4},"end":{"line":28,"column":30}},"10":{"start":{"line":28,"column":23},"end":{"line":28,"column":30}},"11":{"start":{"line":30,"column":17},"end":{"line":30,"column":41}},"12":{"start":{"line":31,"column":16},"end":{"line":31,"column":40}},"13":{"start":{"line":32,"column":18},"end":{"line":32,"column":43}},"14":{"start":{"line":33,"column":19},"end":{"line":33,"column":44}},"15":{"start":{"line":35,"column":4},"end":{"line":40,"column":7}},"16":{"start":{"line":47,"column":4},"end":{"line":49,"column":5}},"17":{"start":{"line":48,"column":6},"end":{"line":48,"column":18}},"18":{"start":{"line":51,"column":17},"end":{"line":51,"column":53}},"19":{"start":{"line":53,"column":41},"end":{"line":58,"column":6}},"20":{"start":{"line":60,"column":4},"end":{"line":60,"column":17}},"21":{"start":{"line":61,"column":4},"end":{"line":61,"column":25}},"22":{"start":{"line":68,"column":18},"end":{"line":68,"column":40}},"23":{"start":{"line":69,"column":19},"end":{"line":69,"column":41}},"24":{"start":{"line":70,"column":4},"end":{"line":70,"column":35}},"25":{"start":{"line":77,"column":4},"end":{"line":77,"column":28}},"26":{"start":{"line":84,"column":4},"end":{"line":87,"column":5}},"27":{"start":{"line":85,"column":6},"end":{"line":85,"column":28}},"28":{"start":{"line":86,"column":6},"end":{"line":86,"column":26}},"29":{"start":{"line":88,"column":4},"end":{"line":88,"column":29}},"30":{"start":{"line":95,"column":4},"end":{"line":95,"column":49}},"31":{"start":{"line":96,"column":4},"end":{"line":96,"column":60}},"32":{"start":{"line":99,"column":4},"end":{"line":104,"column":7}},"33":{"start":{"line":106,"column":4},"end":{"line":106,"column":44}},"34":{"start":{"line":7,"column":0},"end":{"line":7,"column":13}}},"fnMap":{"0":{"name":"(anonymous_0)","decl":{"start":{"line":17,"column":2},"end":{"line":17,"column":7}},"loc":{"start":{"line":17,"column":28},"end":{"line":22,"column":3}}},"1":{"name":"(anonymous_1)","decl":{"start":{"line":27,"column":2},"end":{"line":27,"column":8}},"loc":{"start":{"line":27,"column":29},"end":{"line":41,"column":3}}},"2":{"name":"(anonymous_2)","decl":{"start":{"line":46,"column":2},"end":{"line":46,"column":8}},"loc":{"start":{"line":46,"column":8},"end":{"line":62,"column":3}}},"3":{"name":"(anonymous_3)","decl":{"start":{"line":67,"column":2},"end":{"line":67,"column":9}},"loc":{"start":{"line":67,"column":29},"end":{"line":71,"column":3}}},"4":{"name":"(anonymous_4)","decl":{"start":{"line":76,"column":2},"end":{"line":76,"column":16}},"loc":{"start":{"line":76,"column":16},"end":{"line":78,"column":3}}},"5":{"name":"(anonymous_5)","decl":{"start":{"line":83,"column":2},"end":{"line":83,"column":7}},"loc":{"start":{"line":83,"column":7},"end":{"line":89,"column":3}}},"6":{"name":"(anonymous_6)","decl":{"start":{"line":94,"column":10},"end":{"line":94,"column":23}},"loc":{"start":{"line":94,"column":23},"end":{"line":107,"column":3}}}},"branchMap":{"0":{"loc":{"start":{"line":28,"column":4},"end":{"line":28,"column":30}},"type":"if","locations":[{"start":{"line":28,"column":4},"end":{"line":28,"column":30}}]},"1":{"loc":{"start":{"line":47,"column":4},"end":{"line":49,"column":5}},"type":"if","locations":[{"start":{"line":47,"column":4},"end":{"line":49,"column":5}}]},"2":{"loc":{"start":{"line":70,"column":11},"end":{"line":70,"column":34}},"type":"binary-expr","locations":[{"start":{"line":70,"column":11},"end":{"line":70,"column":20}},{"start":{"line":70,"column":24},"end":{"line":70,"column":34}}]},"3":{"loc":{"start":{"line":84,"column":4},"end":{"line":87,"column":5}},"type":"if","locations":[{"start":{"line":84,"column":4},"end":{"line":87,"column":5}}]}},"s":{"0":48,"1":48,"2":48,"3":48,"4":48,"5":435,"6":435,"7":435,"8":435,"9":1,"10":0,"11":1,"12":1,"13":1,"14":1,"15":1,"16":432,"17":0,"18":432,"19":432,"20":432,"21":432,"22":432,"23":432,"24":432,"25":435,"26":479,"27":435,"28":435,"29":479,"30":435,"31":435,"32":435,"33":435,"34":4},"f":{"0":435,"1":1,"2":432,"3":432,"4":435,"5":479,"6":435},"b":{"0":[0],"1":[0],"2":[432,432],"3":[435]}}
,"/Users/sp/Development/github/browser-selection-copy/src/content/extractor/collect.ts": {"path":"/Users/sp/Development/github/browser-selection-copy/src/content/extractor/collect.ts","statementMap":{"0":{"start":{"line":16,"column":28},"end":{"line":16,"column":30}},"1":{"start":{"line":19,"column":26},"end":{"line":19,"column":53}},"2":{"start":{"line":22,"column":17},"end":{"line":43,"column":null}},"3":{"start":{"line":28,"column":8},"end":{"line":28,"column":71}},"4":{"start":{"line":28,"column":39},"end":{"line":28,"column":71}},"5":{"start":{"line":31,"column":23},"end":{"line":31,"column":41}},"6":{"start":{"line":32,"column":8},"end":{"line":32,"column":53}},"7":{"start":{"line":32,"column":21},"end":{"line":32,"column":53}},"8":{"start":{"line":35,"column":22},"end":{"line":35,"column":49}},"9":{"start":{"line":36,"column":8},"end":{"line":39,"column":9}},"10":{"start":{"line":37,"column":10},"end":{"line":37,"column":38}},"11":{"start":{"line":38,"column":10},"end":{"line":38,"column":47}},"12":{"start":{"line":41,"column":8},"end":{"line":41,"column":77}},"13":{"start":{"line":47,"column":2},"end":{"line":72,"column":3}},"14":{"start":{"line":48,"column":19},"end":{"line":48,"column":38}},"15":{"start":{"line":49,"column":24},"end":{"line":49,"column":47}},"16":{"start":{"line":52,"column":4},"end":{"line":71,"column":5}},"17":{"start":{"line":52,"column":17},"end":{"line":52,"column":18}},"18":{"start":{"line":53,"column":25},"end":{"line":53,"column":39}},"19":{"start":{"line":56,"column":26},"end":{"line":61,"column":8}},"20":{"start":{"line":64,"column":6},"end":{"line":70,"column":7}},"21":{"start":{"line":65,"column":8},"end":{"line":68,"column":11}},"22":{"start":{"line":69,"column":8},"end":{"line":69,"column":14}},"23":{"start":{"line":75,"column":2},"end":{"line":75,"column":15}},"24":{"start":{"line":15,"column":0},"end":{"line":15,"column":16}},"25":{"start":{"line":83,"column":16},"end":{"line":83,"column":48}},"26":{"start":{"line":84,"column":2},"end":{"line":86,"column":31}},"27":{"start":{"line":96,"column":2},"end":{"line":99,"column":37}}},"fnMap":{"0":{"name":"collect","decl":{"start":{"line":15,"column":16},"end":{"line":15,"column":23}},"loc":{"start":{"line":15,"column":99},"end":{"line":76,"column":1}}},"1":{"name":"(anonymous_1)","decl":{"start":{"line":26,"column":18},"end":{"line":26,"column":19}},"loc":{"start":{"line":26,"column":27},"end":{"line":42,"column":7}}},"2":{"name":"isVisible","decl":{"start":{"line":82,"column":9},"end":{"line":82,"column":18}},"loc":{"start":{"line":82,"column":35},"end":{"line":87,"column":1}}},"3":{"name":"intersects","decl":{"start":{"line":92,"column":9},"end":{"line":92,"column":19}},"loc":{"start":{"line":94,"column":69},"end":{"line":100,"column":1}}}},"branchMap":{"0":{"loc":{"start":{"line":28,"column":8},"end":{"line":28,"column":71}},"type":"if","locations":[{"start":{"line":28,"column":8},"end":{"line":28,"column":71}}]},"1":{"loc":{"start":{"line":32,"column":8},"end":{"line":32,"column":53}},"type":"if","locations":[{"start":{"line":32,"column":8},"end":{"line":32,"column":53}}]},"2":{"loc":{"start":{"line":36,"column":8},"end":{"line":39,"column":9}},"type":"if","locations":[{"start":{"line":36,"column":8},"end":{"line":39,"column":9}}]},"3":{"loc":{"start":{"line":41,"column":15},"end":{"line":41,"column":76}},"type":"cond-expr","locations":[{"start":{"line":41,"column":25},"end":{"line":41,"column":49}},{"start":{"line":41,"column":52},"end":{"line":41,"column":76}}]},"4":{"loc":{"start":{"line":64,"column":6},"end":{"line":70,"column":7}},"type":"if","locations":[{"start":{"line":64,"column":6},"end":{"line":70,"column":7}}]},"5":{"loc":{"start":{"line":66,"column":16},"end":{"line":66,"column":38}},"type":"binary-expr","locations":[{"start":{"line":66,"column":16},"end":{"line":66,"column":32}},{"start":{"line":66,"column":36},"end":{"line":66,"column":38}}]},"6":{"loc":{"start":{"line":84,"column":9},"end":{"line":86,"column":30}},"type":"binary-expr","locations":[{"start":{"line":84,"column":9},"end":{"line":84,"column":33}},{"start":{"line":85,"column":9},"end":{"line":85,"column":38}},{"start":{"line":86,"column":9},"end":{"line":86,"column":30}}]},"7":{"loc":{"start":{"line":96,"column":11},"end":{"line":99,"column":35}},"type":"binary-expr","locations":[{"start":{"line":96,"column":11},"end":{"line":96,"column":35}},{"start":{"line":97,"column":11},"end":{"line":97,"column":35}},{"start":{"line":98,"column":11},"end":{"line":98,"column":35}},{"start":{"line":99,"column":11},"end":{"line":99,"column":35}}]}},"s":{"0":1,"1":1,"2":1,"3":5,"4":3,"5":2,"6":2,"7":0,"8":2,"9":2,"10":2,"11":2,"12":2,"13":1,"14":2,"15":2,"16":2,"17":2,"18":2,"19":2,"20":2,"21":2,"22":2,"23":1,"24":2,"25":2,"26":2,"27":2},"f":{"0":1,"1":5,"2":2,"3":2},"b":{"0":[3],"1":[0],"2":[2],"3":[2,0],"4":[2],"5":[2,0],"6":[2,2,2],"7":[2,2,2,2]}}
,"/Users/sp/Development/github/browser-selection-copy/src/content/extractor/format.ts": {"path":"/Users/sp/Development/github/browser-selection-copy/src/content/extractor/format.ts","statementMap":{"0":{"start":{"line":11,"column":2},"end":{"line":11,"column":36}},"1":{"start":{"line":11,"column":26},"end":{"line":11,"column":36}},"2":{"start":{"line":13,"column":2},"end":{"line":69,"column":3}},"3":{"start":{"line":15,"column":21},"end":{"line":15,"column":23}},"4":{"start":{"line":16,"column":25},"end":{"line":16,"column":49}},"5":{"start":{"line":18,"column":34},"end":{"line":18,"column":36}},"6":{"start":{"line":21,"column":4},"end":{"line":57,"column":5}},"7":{"start":{"line":22,"column":6},"end":{"line":22,"column":38}},"8":{"start":{"line":22,"column":29},"end":{"line":22,"column":38}},"9":{"start":{"line":25,"column":33},"end":{"line":25,"column":35}},"10":{"start":{"line":26,"column":26},"end":{"line":26,"column":59}},"11":{"start":{"line":28,"column":34},"end":{"line":28,"column":36}},"12":{"start":{"line":31,"column":6},"end":{"line":38,"column":7}},"13":{"start":{"line":32,"column":21},"end":{"line":32,"column":37}},"14":{"start":{"line":35,"column":8},"end":{"line":35,"column":50}},"15":{"start":{"line":35,"column":41},"end":{"line":35,"column":50}},"16":{"start":{"line":37,"column":8},"end":{"line":37,"column":29}},"17":{"start":{"line":41,"column":6},"end":{"line":56,"column":7}},"18":{"start":{"line":42,"column":8},"end":{"line":55,"column":9}},"19":{"start":{"line":44,"column":27},"end":{"line":44,"column":46}},"20":{"start":{"line":47,"column":10},"end":{"line":49,"column":11}},"21":{"start":{"line":48,"column":12},"end":{"line":48,"column":39}},"22":{"start":{"line":52,"column":10},"end":{"line":54,"column":11}},"23":{"start":{"line":53,"column":12},"end":{"line":53,"column":43}},"24":{"start":{"line":60,"column":4},"end":{"line":65,"column":5}},"25":{"start":{"line":61,"column":6},"end":{"line":61,"column":36}},"26":{"start":{"line":64,"column":6},"end":{"line":64,"column":58}},"27":{"start":{"line":67,"column":4},"end":{"line":67,"column":35}},"28":{"start":{"line":68,"column":4},"end":{"line":68,"column":20}},"29":{"start":{"line":9,"column":0},"end":{"line":9,"column":16}}},"fnMap":{"0":{"name":"format","decl":{"start":{"line":9,"column":16},"end":{"line":9,"column":22}},"loc":{"start":{"line":9,"column":42},"end":{"line":70,"column":1}}}},"branchMap":{"0":{"loc":{"start":{"line":11,"column":2},"end":{"line":11,"column":36}},"type":"if","locations":[{"start":{"line":11,"column":2},"end":{"line":11,"column":36}}]},"1":{"loc":{"start":{"line":22,"column":6},"end":{"line":22,"column":38}},"type":"if","locations":[{"start":{"line":22,"column":6},"end":{"line":22,"column":38}}]},"2":{"loc":{"start":{"line":35,"column":8},"end":{"line":35,"column":50}},"type":"if","locations":[{"start":{"line":35,"column":8},"end":{"line":35,"column":50}}]},"3":{"loc":{"start":{"line":35,"column":12},"end":{"line":35,"column":39}},"type":"binary-expr","locations":[{"start":{"line":35,"column":12},"end":{"line":35,"column":17}},{"start":{"line":35,"column":21},"end":{"line":35,"column":39}}]},"4":{"loc":{"start":{"line":41,"column":6},"end":{"line":56,"column":7}},"type":"if","locations":[{"start":{"line":41,"column":6},"end":{"line":56,"column":7}}]},"5":{"loc":{"start":{"line":47,"column":10},"end":{"line":49,"column":11}},"type":"if","locations":[{"start":{"line":47,"column":10},"end":{"line":49,"column":11}}]},"6":{"loc":{"start":{"line":52,"column":10},"end":{"line":54,"column":11}},"type":"if","locations":[{"start":{"line":52,"column":10},"end":{"line":54,"column":11}}]},"7":{"loc":{"start":{"line":64,"column":13},"end":{"line":64,"column":57}},"type":"cond-expr","locations":[{"start":{"line":64,"column":38},"end":{"line":64,"column":52}},{"start":{"line":64,"column":55},"end":{"line":64,"column":57}}]}},"s":{"0":1,"1":0,"2":1,"3":1,"4":1,"5":1,"6":1,"7":1,"8":0,"9":1,"10":1,"11":1,"12":1,"13":2,"14":2,"15":0,"16":2,"17":1,"18":1,"19":1,"20":1,"21":1,"22":0,"23":0,"24":1,"25":1,"26":0,"27":0,"28":0,"29":2},"f":{"0":1},"b":{"0":[0],"1":[0],"2":[0],"3":[2,2],"4":[1],"5":[1],"6":[0],"7":[0,0]}}
,"/Users/sp/Development/github/browser-selection-copy/src/content/extractor/index.ts": {"path":"/Users/sp/Development/github/browser-selection-copy/src/content/extractor/index.ts","statementMap":{"0":{"start":{"line":4,"column":0},"end":{"line":4,"column":36}},"1":{"start":{"line":5,"column":0},"end":{"line":5,"column":34}},"2":{"start":{"line":6,"column":0},"end":{"line":6,"column":34}},"3":{"start":{"line":13,"column":46},"end":{"line":16,"column":2}},"4":{"start":{"line":30,"column":16},"end":{"line":30,"column":38}},"5":{"start":{"line":31,"column":16},"end":{"line":31,"column":38}},"6":{"start":{"line":32,"column":15},"end":{"line":32,"column":28}},"7":{"start":{"line":33,"column":2},"end":{"line":33,"column":14}},"8":{"start":{"line":25,"column":0},"end":{"line":25,"column":16}}},"fnMap":{"0":{"name":"extractText","decl":{"start":{"line":25,"column":16},"end":{"line":25,"column":27}},"loc":{"start":{"line":27,"column":49},"end":{"line":34,"column":1}}}},"branchMap":{"0":{"loc":{"start":{"line":27,"column":2},"end":{"line":27,"column":49}},"type":"default-arg","locations":[{"start":{"line":27,"column":27},"end":{"line":27,"column":49}}]}},"s":{"0":2,"1":2,"2":2,"3":2,"4":1,"5":1,"6":1,"7":1,"8":2},"f":{"0":1},"b":{"0":[0]}}
,"/Users/sp/Development/github/browser-selection-copy/src/content/extractor/layout.ts": {"path":"/Users/sp/Development/github/browser-selection-copy/src/content/extractor/layout.ts","statementMap":{"0":{"start":{"line":20,"column":2},"end":{"line":20,"column":36}},"1":{"start":{"line":20,"column":26},"end":{"line":20,"column":36}},"2":{"start":{"line":23,"column":30},"end":{"line":23,"column":32}},"3":{"start":{"line":25,"column":2},"end":{"line":44,"column":3}},"4":{"start":{"line":26,"column":20},"end":{"line":26,"column":33}},"5":{"start":{"line":27,"column":20},"end":{"line":27,"column":25}},"6":{"start":{"line":30,"column":4},"end":{"line":38,"column":5}},"7":{"start":{"line":31,"column":22},"end":{"line":31,"column":38}},"8":{"start":{"line":33,"column":6},"end":{"line":37,"column":7}},"9":{"start":{"line":34,"column":8},"end":{"line":34,"column":24}},"10":{"start":{"line":35,"column":8},"end":{"line":35,"column":25}},"11":{"start":{"line":36,"column":8},"end":{"line":36,"column":14}},"12":{"start":{"line":41,"column":4},"end":{"line":43,"column":5}},"13":{"start":{"line":42,"column":6},"end":{"line":42,"column":25}},"14":{"start":{"line":47,"column":2},"end":{"line":49,"column":3}},"15":{"start":{"line":48,"column":4},"end":{"line":48,"column":51}},"16":{"start":{"line":48,"column":24},"end":{"line":48,"column":49}},"17":{"start":{"line":52,"column":2},"end":{"line":52,"column":54}},"18":{"start":{"line":52,"column":23},"end":{"line":52,"column":52}},"19":{"start":{"line":54,"column":2},"end":{"line":54,"column":15}},"20":{"start":{"line":18,"column":0},"end":{"line":18,"column":16}}},"fnMap":{"0":{"name":"layout","decl":{"start":{"line":18,"column":16},"end":{"line":18,"column":22}},"loc":{"start":{"line":18,"column":64},"end":{"line":55,"column":1}}},"1":{"name":"(anonymous_1)","decl":{"start":{"line":48,"column":14},"end":{"line":48,"column":15}},"loc":{"start":{"line":48,"column":24},"end":{"line":48,"column":49}}},"2":{"name":"(anonymous_2)","decl":{"start":{"line":52,"column":13},"end":{"line":52,"column":14}},"loc":{"start":{"line":52,"column":23},"end":{"line":52,"column":52}}}},"branchMap":{"0":{"loc":{"start":{"line":20,"column":2},"end":{"line":20,"column":36}},"type":"if","locations":[{"start":{"line":20,"column":2},"end":{"line":20,"column":36}}]},"1":{"loc":{"start":{"line":33,"column":6},"end":{"line":37,"column":7}},"type":"if","locations":[{"start":{"line":33,"column":6},"end":{"line":37,"column":7}}]},"2":{"loc":{"start":{"line":41,"column":4},"end":{"line":43,"column":5}},"type":"if","locations":[{"start":{"line":41,"column":4},"end":{"line":43,"column":5}}]}},"s":{"0":1,"1":0,"2":1,"3":1,"4":2,"5":2,"6":2,"7":1,"8":1,"9":1,"10":1,"11":1,"12":2,"13":1,"14":1,"15":1,"16":1,"17":1,"18":0,"19":1,"20":2},"f":{"0":1,"1":1,"2":0},"b":{"0":[0],"1":[1],"2":[1]}}
,"/Users/sp/Development/github/browser-selection-copy/src/content/usage/policy.ts": {"path":"/Users/sp/Development/github/browser-selection-copy/src/content/usage/policy.ts","statementMap":{"0":{"start":{"line":19,"column":13},"end":{"line":21,"column":2}}},"fnMap":{},"branchMap":{},"s":{"0":3},"f":{},"b":{}}
,"/Users/sp/Development/github/browser-selection-copy/src/content/usage/storage.ts": {"path":"/Users/sp/Development/github/browser-selection-copy/src/content/usage/storage.ts","statementMap":{"0":{"start":{"line":13,"column":21},"end":{"line":16,"column":11}},"1":{"start":{"line":21,"column":23},"end":{"line":24,"column":2}},"2":{"start":{"line":32,"column":2},"end":{"line":38,"column":3}},"3":{"start":{"line":33,"column":19},"end":{"line":33,"column":77}},"4":{"start":{"line":34,"column":4},"end":{"line":34,"column":49}},"5":{"start":{"line":36,"column":4},"end":{"line":36,"column":72}},"6":{"start":{"line":37,"column":4},"end":{"line":37,"column":37}},"7":{"start":{"line":31,"column":0},"end":{"line":31,"column":7}},"8":{"start":{"line":47,"column":2},"end":{"line":55,"column":3}},"9":{"start":{"line":48,"column":18},"end":{"line":48,"column":39}},"10":{"start":{"line":49,"column":4},"end":{"line":51,"column":7}},"11":{"start":{"line":53,"column":4},"end":{"line":53,"column":76}},"12":{"start":{"line":54,"column":4},"end":{"line":54,"column":35}},"13":{"start":{"line":46,"column":0},"end":{"line":46,"column":7}},"14":{"start":{"line":67,"column":2},"end":{"line":86,"column":3}},"15":{"start":{"line":68,"column":18},"end":{"line":68,"column":43}},"16":{"start":{"line":69,"column":19},"end":{"line":69,"column":81}},"17":{"start":{"line":70,"column":21},"end":{"line":70,"column":57}},"18":{"start":{"line":73,"column":4},"end":{"line":78,"column":5}},"19":{"start":{"line":74,"column":6},"end":{"line":77,"column":9}},"20":{"start":{"line":80,"column":4},"end":{"line":80,"column":68}},"21":{"start":{"line":81,"column":18},"end":{"line":81,"column":43}},"22":{"start":{"line":82,"column":4},"end":{"line":85,"column":5}},"23":{"start":{"line":83,"column":6},"end":{"line":83,"column":36}},"24":{"start":{"line":84,"column":6},"end":{"line":84,"column":43}},"25":{"start":{"line":66,"column":0},"end":{"line":66,"column":7}}},"fnMap":{"0":{"name":"getUsageCount","decl":{"start":{"line":31,"column":22},"end":{"line":31,"column":35}},"loc":{"start":{"line":31,"column":35},"end":{"line":39,"column":1}}},"1":{"name":"incrementUsage","decl":{"start":{"line":46,"column":22},"end":{"line":46,"column":36}},"loc":{"start":{"line":46,"column":36},"end":{"line":56,"column":1}}},"2":{"name":"resetIfNewDay","decl":{"start":{"line":66,"column":22},"end":{"line":66,"column":35}},"loc":{"start":{"line":66,"column":35},"end":{"line":87,"column":1}}}},"branchMap":{"0":{"loc":{"start":{"line":34,"column":11},"end":{"line":34,"column":48}},"type":"binary-expr","locations":[{"start":{"line":34,"column":11},"end":{"line":34,"column":43}},{"start":{"line":34,"column":47},"end":{"line":34,"column":48}}]},"1":{"loc":{"start":{"line":73,"column":4},"end":{"line":78,"column":5}},"type":"if","locations":[{"start":{"line":73,"column":4},"end":{"line":78,"column":5}}]},"2":{"loc":{"start":{"line":73,"column":8},"end":{"line":73,"column":39}},"type":"binary-expr","locations":[{"start":{"line":73,"column":8},"end":{"line":73,"column":17}},{"start":{"line":73,"column":21},"end":{"line":73,"column":39}}]},"3":{"loc":{"start":{"line":82,"column":4},"end":{"line":85,"column":5}},"type":"if","locations":[{"start":{"line":82,"column":4},"end":{"line":85,"column":5}}]}},"s":{"0":3,"1":3,"2":9,"3":9,"4":4,"5":5,"6":5,"7":3,"8":4,"9":4,"10":4,"11":1,"12":1,"13":3,"14":106,"15":106,"16":106,"17":104,"18":104,"19":103,"20":2,"21":2,"22":2,"23":1,"24":1,"25":3},"f":{"0":9,"1":4,"2":106},"b":{"0":[4,2],"1":[103],"2":[104,102],"3":[1]}}
,"/Users/sp/Development/github/browser-selection-copy/src/content/usage/usage.ts": {"path":"/Users/sp/Development/github/browser-selection-copy/src/content/usage/usage.ts","statementMap":{"0":{"start":{"line":18,"column":0},"end":{"line":18,"column":73}},"1":{"start":{"line":19,"column":0},"end":{"line":19,"column":39}},"2":{"start":{"line":42,"column":2},"end":{"line":42,"column":24}},"3":{"start":{"line":45,"column":16},"end":{"line":45,"column":37}},"4":{"start":{"line":48,"column":17},"end":{"line":48,"column":28}},"5":{"start":{"line":51,"column":2},"end":{"line":57,"column":3}},"6":{"start":{"line":52,"column":4},"end":{"line":56,"column":6}},"7":{"start":{"line":60,"column":2},"end":{"line":63,"column":4}},"8":{"start":{"line":40,"column":0},"end":{"line":40,"column":7}},"9":{"start":{"line":74,"column":2},"end":{"line":74,"column":25}},"10":{"start":{"line":73,"column":0},"end":{"line":73,"column":7}}},"fnMap":{"0":{"name":"checkUsage","decl":{"start":{"line":40,"column":22},"end":{"line":40,"column":32}},"loc":{"start":{"line":40,"column":32},"end":{"line":64,"column":1}}},"1":{"name":"consumeUsage","decl":{"start":{"line":73,"column":22},"end":{"line":73,"column":34}},"loc":{"start":{"line":73,"column":34},"end":{"line":75,"column":1}}}},"branchMap":{"0":{"loc":{"start":{"line":51,"column":2},"end":{"line":57,"column":3}},"type":"if","locations":[{"start":{"line":51,"column":2},"end":{"line":57,"column":3}}]}},"s":{"0":2,"1":2,"2":1119,"3":1119,"4":1119,"5":1119,"6":411,"7":708,"8":2,"9":485,"10":2},"f":{"0":1119,"1":485},"b":{"0":[411]}}
}
