TN:
SF:src/content/content.ts
FN:39,(anonymous_0)
FN:49,(anonymous_1)
FN:57,(anonymous_2)
FN:71,(anonymous_3)
FN:98,(anonymous_4)
FN:109,(anonymous_5)
FN:148,(anonymous_6)
FN:169,(anonymous_7)
FN:189,(anonymous_8)
FN:201,(anonymous_9)
FN:225,(anonymous_10)
FN:251,(anonymous_11)
FN:254,(anonymous_12)
FN:269,(anonymous_13)
FN:292,(anonymous_14)
FN:297,(anonymous_15)
FNF:16
FNH:14
FNDA:48,(anonymous_0)
FNDA:48,(anonymous_1)
FNDA:0,(anonymous_2)
FNDA:437,(anonymous_3)
FNDA:2,(anonymous_4)
FNDA:433,(anonymous_5)
FNDA:7,(anonymous_6)
FNDA:1,(anonymous_7)
FNDA:1,(anonymous_8)
FNDA:48,(anonymous_9)
FNDA:39,(anonymous_10)
FNDA:326,(anonymous_11)
FNDA:0,(anonymous_12)
FNDA:325,(anonymous_13)
FNDA:4,(anonymous_14)
FNDA:47,(anonymous_15)
DA:1,4
DA:2,4
DA:3,4
DA:5,4
DA:13,4
DA:16,4
DA:24,48
DA:25,48
DA:26,48
DA:30,48
DA:31,48
DA:32,48
DA:33,48
DA:34,48
DA:35,48
DA:36,48
DA:40,48
DA:41,48
DA:42,48
DA:43,48
DA:50,48
DA:51,48
DA:52,48
DA:53,48
DA:54,48
DA:56,48
DA:57,48
DA:58,0
DA:59,0
DA:60,0
DA:61,0
DA:64,48
DA:72,437
DA:75,436
DA:76,0
DA:80,436
DA:81,1
DA:85,435
DA:86,435
DA:87,0
DA:90,435
DA:91,435
DA:92,435
DA:99,2
DA:100,2
DA:101,1
DA:102,1
DA:103,1
DA:110,433
DA:112,433
DA:113,1
DA:116,432
DA:117,432
DA:119,432
DA:121,432
DA:122,432
DA:123,4
DA:124,4
DA:128,428
DA:130,428
DA:131,326
DA:132,326
DA:134,326
DA:136,102
DA:137,102
DA:141,428
DA:142,428
DA:149,7
DA:150,7
DA:151,7
DA:152,7
DA:153,7
DA:154,7
DA:156,6
DA:157,6
DA:161,1
DA:171,1
DA:172,1
DA:179,0
DA:181,1
DA:182,1
DA:190,1
DA:191,1
DA:192,1
DA:193,0
DA:194,0
DA:202,48
DA:203,48
DA:204,0
DA:205,0
DA:208,48
DA:209,48
DA:210,48
DA:217,0
DA:218,0
DA:226,39
DA:227,39
DA:228,39
DA:231,39
DA:232,0
DA:233,0
DA:236,39
DA:237,1
DA:238,1
DA:243,0
DA:252,326
DA:253,326
DA:254,1
DA:255,0
DA:257,1
DA:260,325
DA:261,325
DA:263,325
DA:270,325
DA:271,325
DA:272,325
DA:273,325
DA:275,325
DA:276,325
DA:282,0
DA:283,0
DA:298,47
DA:299,47
DA:300,47
DA:301,47
DA:302,47
DA:303,47
DA:304,47
DA:305,47
DA:306,0
DA:308,47
DA:320,4
DA:321,4
DA:322,4
DA:325,4
LF:135
LH:115
BRDA:56,0,0,48
BRDA:56,1,0,48
BRDA:56,1,1,48
BRDA:59,2,0,0
BRDA:59,3,0,0
BRDA:59,3,1,0
BRDA:72,4,0,1
BRDA:75,5,0,0
BRDA:80,6,0,1
BRDA:86,7,0,0
BRDA:99,8,0,0
BRDA:100,9,0,1
BRDA:110,10,0,0
BRDA:112,11,0,1
BRDA:119,12,0,432
BRDA:119,13,0,432
BRDA:119,13,1,432
BRDA:122,14,0,4
BRDA:130,15,0,326
BRDA:130,15,1,102
BRDA:149,16,0,7
BRDA:149,17,0,7
BRDA:149,17,1,7
BRDA:153,18,0,7
BRDA:153,18,1,7
BRDA:153,18,2,6
BRDA:153,18,3,6
BRDA:154,19,0,6
BRDA:171,20,0,1
BRDA:171,21,0,1
BRDA:171,21,1,1
BRDA:171,21,2,1
BRDA:172,22,0,0
BRDA:173,23,0,1
BRDA:173,23,1,1
BRDA:173,23,2,1
BRDA:173,23,3,1
BRDA:173,23,4,1
BRDA:173,23,5,1
BRDA:192,24,0,0
BRDA:203,25,0,0
BRDA:203,26,0,48
BRDA:203,26,1,48
BRDA:211,27,0,41
BRDA:211,27,1,7
BRDA:212,28,0,41
BRDA:212,28,1,7
BRDA:225,29,0,38
BRDA:231,30,0,0
BRDA:231,31,0,39
BRDA:231,31,1,16
BRDA:236,32,0,1
BRDA:236,33,0,39
BRDA:236,33,1,1
BRDA:236,33,2,1
BRDA:253,34,0,1
BRDA:275,35,0,325
BRDA:282,36,0,0
BRDA:282,36,1,0
BRDA:305,37,0,0
BRDA:305,38,0,47
BRDA:305,38,1,46
BRDA:305,38,2,46
BRDA:320,39,0,4
BRF:64
BRH:50
end_of_record
TN:
SF:src/content/panel.ts
FN:16,(anonymous_0)
FN:30,(anonymous_1)
FN:47,(anonymous_2)
FN:60,(anonymous_3)
FN:67,(anonymous_4)
FN:111,(anonymous_5)
FN:149,(anonymous_6)
FN:166,(anonymous_7)
FN:196,(anonymous_8)
FN:199,(anonymous_9)
FN:213,(anonymous_10)
FN:221,(anonymous_11)
FN:234,(anonymous_12)
FN:248,(anonymous_13)
FN:260,(anonymous_14)
FN:274,(anonymous_15)
FN:286,(anonymous_16)
FN:301,(anonymous_17)
FN:319,(anonymous_18)
FNF:19
FNH:19
FNDA:334,(anonymous_0)
FNDA:13,(anonymous_1)
FNDA:527,(anonymous_2)
FNDA:441,(anonymous_3)
FNDA:347,(anonymous_4)
FNDA:3,(anonymous_5)
FNDA:1,(anonymous_6)
FNDA:2,(anonymous_7)
FNDA:7,(anonymous_8)
FNDA:5,(anonymous_9)
FNDA:1,(anonymous_10)
FNDA:7,(anonymous_11)
FNDA:6,(anonymous_12)
FNDA:4,(anonymous_13)
FNDA:1,(anonymous_14)
FNDA:1,(anonymous_15)
FNDA:1,(anonymous_16)
FNDA:1,(anonymous_17)
FNDA:301,(anonymous_18)
DA:5,5
DA:6,68
DA:7,68
DA:8,68
DA:11,68
DA:23,334
DA:24,334
DA:31,13
DA:48,527
DA:49,347
DA:50,347
DA:52,527
DA:53,527
DA:54,527
DA:61,441
DA:78,347
DA:81,347
DA:82,347
DA:83,347
DA:84,347
DA:87,347
DA:88,347
DA:91,347
DA:92,347
DA:95,347
DA:96,347
DA:97,347
DA:100,347
DA:101,347
DA:103,347
DA:104,347
DA:107,347
DA:108,347
DA:109,347
DA:110,347
DA:111,347
DA:113,347
DA:114,347
DA:117,347
DA:119,13
DA:120,13
DA:122,13
DA:123,13
DA:124,13
DA:126,13
DA:127,13
DA:128,13
DA:130,13
DA:131,13
DA:132,13
DA:134,13
DA:135,13
DA:136,13
DA:138,13
DA:139,13
DA:142,13
DA:143,13
DA:144,13
DA:146,13
DA:147,13
DA:148,13
DA:149,13
DA:151,1
DA:154,13
DA:155,13
DA:159,334
DA:160,334
DA:162,334
DA:163,334
DA:164,334
DA:165,334
DA:166,334
DA:167,2
DA:168,2
DA:171,334
DA:174,334
DA:175,334
DA:178,334
DA:179,334
DA:180,334
DA:182,334
DA:183,334
DA:185,334
DA:186,334
DA:187,334
DA:189,334
DA:190,334
DA:192,334
DA:193,334
DA:194,334
DA:196,334
DA:197,7
DA:199,7
DA:202,334
DA:205,334
DA:206,334
DA:207,334
DA:210,347
DA:213,347
DA:214,347
DA:215,347
DA:222,7
DA:223,7
DA:224,6
DA:226,1
DA:227,1
DA:235,6
DA:236,6
DA:237,6
DA:238,6
DA:239,6
DA:241,6
DA:242,6
DA:243,6
DA:246,6
DA:248,6
DA:249,4
DA:250,4
DA:251,4
DA:261,1
DA:262,1
DA:263,1
DA:264,1
DA:265,1
DA:267,1
DA:268,1
DA:269,1
DA:272,1
DA:274,1
DA:275,1
DA:276,1
DA:277,1
DA:287,1
DA:288,1
DA:289,1
DA:295,1
DA:301,68
DA:302,1
DA:303,1
DA:304,1
DA:306,1
DA:307,1
DA:309,1
DA:310,1
DA:312,1
DA:313,1
DA:319,68
DA:320,301
LF:148
LH:148
BRDA:18,0,0,0
BRDA:24,1,0,334
BRDA:24,1,1,7
BRDA:48,2,0,347
BRDA:61,3,0,441
BRDA:61,3,1,136
BRDA:97,4,0,347
BRDA:97,4,1,334
BRDA:101,5,0,347
BRDA:101,5,1,334
BRDA:117,6,0,13
BRDA:117,6,1,334
BRDA:124,7,0,13
BRDA:124,7,1,0
BRDA:142,8,0,13
BRDA:236,9,0,6
BRDA:241,10,0,6
BRDA:241,11,0,6
BRDA:241,11,1,6
BRDA:249,12,0,4
BRDA:262,13,0,1
BRDA:267,14,0,1
BRDA:267,15,0,1
BRDA:267,15,1,1
BRDA:275,16,0,1
BRDA:287,17,0,0
BRDA:302,18,0,0
BRDA:302,19,0,1
BRDA:302,19,1,1
BRF:29
BRH:25
end_of_record
TN:
SF:src/content/selection.ts
FN:17,(anonymous_0)
FN:27,(anonymous_1)
FN:46,(anonymous_2)
FN:67,(anonymous_3)
FN:76,(anonymous_4)
FN:83,(anonymous_5)
FN:94,(anonymous_6)
FNF:7
FNH:7
FNDA:435,(anonymous_0)
FNDA:1,(anonymous_1)
FNDA:432,(anonymous_2)
FNDA:432,(anonymous_3)
FNDA:435,(anonymous_4)
FNDA:479,(anonymous_5)
FNDA:435,(anonymous_6)
DA:7,4
DA:8,48
DA:9,48
DA:10,48
DA:11,48
DA:12,48
DA:18,435
DA:19,435
DA:20,435
DA:21,435
DA:28,1
DA:30,1
DA:31,1
DA:32,1
DA:33,1
DA:35,1
DA:47,432
DA:48,0
DA:51,432
DA:53,432
DA:60,432
DA:61,432
DA:68,432
DA:69,432
DA:70,432
DA:77,435
DA:84,479
DA:85,435
DA:86,435
DA:88,479
DA:95,435
DA:96,435
DA:99,435
DA:106,435
LF:34
LH:33
BRDA:28,0,0,0
BRDA:47,1,0,0
BRDA:70,2,0,432
BRDA:70,2,1,432
BRDA:84,3,0,435
BRF:5
BRH:3
end_of_record
TN:
SF:src/content/extractor/collect.ts
FN:15,collect
FN:26,(anonymous_1)
FN:82,isVisible
FN:92,intersects
FNF:4
FNH:4
FNDA:1,collect
FNDA:5,(anonymous_1)
FNDA:2,isVisible
FNDA:2,intersects
DA:15,2
DA:16,1
DA:19,1
DA:22,1
DA:28,5
DA:31,2
DA:32,2
DA:35,2
DA:36,2
DA:37,2
DA:38,2
DA:41,2
DA:47,1
DA:48,2
DA:49,2
DA:52,2
DA:53,2
DA:56,2
DA:64,2
DA:65,2
DA:69,2
DA:75,1
DA:83,2
DA:84,2
DA:96,2
LF:25
LH:25
BRDA:28,0,0,3
BRDA:32,1,0,0
BRDA:36,2,0,2
BRDA:41,3,0,2
BRDA:41,3,1,0
BRDA:64,4,0,2
BRDA:66,5,0,2
BRDA:66,5,1,0
BRDA:84,6,0,2
BRDA:84,6,1,2
BRDA:84,6,2,2
BRDA:96,7,0,2
BRDA:96,7,1,2
BRDA:96,7,2,2
BRDA:96,7,3,2
BRF:15
BRH:12
end_of_record
TN:
SF:src/content/extractor/format.ts
FN:9,format
FNF:1
FNH:1
FNDA:1,format
DA:9,2
DA:11,1
DA:13,1
DA:15,1
DA:16,1
DA:18,1
DA:21,1
DA:22,1
DA:25,1
DA:26,1
DA:28,1
DA:31,1
DA:32,2
DA:35,2
DA:37,2
DA:41,1
DA:42,1
DA:44,1
DA:47,1
DA:48,1
DA:52,0
DA:53,0
DA:60,1
DA:61,1
DA:64,0
DA:67,0
DA:68,0
LF:27
LH:22
BRDA:11,0,0,0
BRDA:22,1,0,0
BRDA:35,2,0,0
BRDA:35,3,0,2
BRDA:35,3,1,2
BRDA:41,4,0,1
BRDA:47,5,0,1
BRDA:52,6,0,0
BRDA:64,7,0,0
BRDA:64,7,1,0
BRF:10
BRH:4
end_of_record
TN:
SF:src/content/extractor/index.ts
FN:25,extractText
FNF:1
FNH:1
FNDA:1,extractText
DA:4,2
DA:5,2
DA:6,2
DA:13,2
DA:25,2
DA:30,1
DA:31,1
DA:32,1
DA:33,1
LF:9
LH:9
BRDA:27,0,0,0
BRF:1
BRH:0
end_of_record
TN:
SF:src/content/extractor/layout.ts
FN:18,layout
FN:48,(anonymous_1)
FN:52,(anonymous_2)
FNF:3
FNH:2
FNDA:1,layout
FNDA:1,(anonymous_1)
FNDA:0,(anonymous_2)
DA:18,2
DA:20,1
DA:23,1
DA:25,1
DA:26,2
DA:27,2
DA:30,2
DA:31,1
DA:33,1
DA:34,1
DA:35,1
DA:36,1
DA:41,2
DA:42,1
DA:47,1
DA:48,1
DA:52,1
DA:54,1
LF:18
LH:18
BRDA:20,0,0,0
BRDA:33,1,0,1
BRDA:41,2,0,1
BRF:3
BRH:2
end_of_record
TN:
SF:src/content/usage/policy.ts
FNF:0
FNH:0
DA:19,3
LF:1
LH:1
BRF:0
BRH:0
end_of_record
TN:
SF:src/content/usage/storage.ts
FN:31,getUsageCount
FN:46,incrementUsage
FN:66,resetIfNewDay
FNF:3
FNH:3
FNDA:9,getUsageCount
FNDA:4,incrementUsage
FNDA:106,resetIfNewDay
DA:13,3
DA:21,3
DA:31,3
DA:32,9
DA:33,9
DA:34,4
DA:36,5
DA:37,5
DA:46,3
DA:47,4
DA:48,4
DA:49,4
DA:53,1
DA:54,1
DA:66,3
DA:67,106
DA:68,106
DA:69,106
DA:70,104
DA:73,104
DA:74,103
DA:80,2
DA:81,2
DA:82,2
DA:83,1
DA:84,1
LF:26
LH:26
BRDA:34,0,0,4
BRDA:34,0,1,2
BRDA:73,1,0,103
BRDA:73,2,0,104
BRDA:73,2,1,102
BRDA:82,3,0,1
BRF:6
BRH:6
end_of_record
TN:
SF:src/content/usage/usage.ts
FN:40,checkUsage
FN:73,consumeUsage
FNF:2
FNH:2
FNDA:1119,checkUsage
FNDA:485,consumeUsage
DA:18,2
DA:19,2
DA:40,2
DA:42,1119
DA:45,1119
DA:48,1119
DA:51,1119
DA:52,411
DA:60,708
DA:73,2
DA:74,485
LF:11
LH:11
BRDA:51,0,0,411
BRF:1
BRH:1
end_of_record
